[2022-12-29 12:00:20,730] 16 root - INFO - >>>>>>>>>>>>>>>>>>>>>>>>>>>>>>>>>>>>>>>> Data Ingestion <<<<<<<<<<<<<<<<<<<<<<<<<<<<<<<<<<<<<<<<
[2022-12-29 12:00:20,730] 24 root - INFO - Exporting collection data as pandas dataframe
[2022-12-29 12:00:20,730] 20 root - INFO - Read data from database:aps and collection: sensor
[2022-12-29 12:00:24,260] 22 root - INFO - Found columns: Index(['_id', 'class', 'aa_000', 'ab_000', 'ac_000', 'ad_000', 'ae_000',
       'af_000', 'ag_000', 'ag_001',
       ...
       'ee_002', 'ee_003', 'ee_004', 'ee_005', 'ee_006', 'ee_007', 'ee_008',
       'ee_009', 'ef_000', 'eg_000'],
      dtype='object', length=172)
[2022-12-29 12:00:24,261] 26 root - INFO - Row and Columns in df: (36188, 172)
[2022-12-29 12:00:24,261] 31 root - INFO - replace na with Nan
[2022-12-29 12:00:24,812] 36 root - INFO - Create feature store folder if not available
[2022-12-29 12:00:24,812] 41 root - INFO - save df to feature store folder
[2022-12-29 12:00:27,485] 46 root - INFO - split dataset into train and test set.
[2022-12-29 12:00:28,022] 50 root - INFO - create dataset directory folder if not avaiable
[2022-12-29 12:00:28,022] 55 root - INFO - save df to feature store folder
[2022-12-29 12:00:30,478] 66 root - INFO - Data ingestion artifact:DataIngestionArtifact(feature_store_file_path='/config/workspace/artifact/12-29-22__12:00:20/data_ingestion/feature_store/sensor.csv', train_file_path='/config/workspace/artifact/12-29-22__12:00:20/data_ingestion/dataset/train.csv', test_file_path='/config/workspace/artifact/12-29-22__12:00:20/data_ingestion/dataset/test.csv')
[2022-12-29 12:00:30,478] 67 root - INFO - >>>>>>>>>>>>>>>>>>>>>>>>>>>>>>>>>>>>>>>> Data Ingestion is completed. <<<<<<<<<<<<<<<<<<<<<<<<<<<<<<<<<<<<<<<<
[2022-12-29 12:00:30,868] 20 root - INFO - >>>>>>>>>>>>>>>>>>>>>>>>>>>>>>>>>>>>>>>> Data Validation <<<<<<<<<<<<<<<<<<<<<<<<<<<<<<<<<<<<<<<< 
[2022-12-29 12:00:30,868] 118 root - INFO - reading base dataframe
[2022-12-29 12:00:33,880] 121 root - INFO - Replace na value in base df
[2022-12-29 12:00:33,880] 123 root - INFO - Drop null values columns from base df
[2022-12-29 12:00:33,881] 44 root - INFO - droping_missing_values_columns in the dataframe df.
[2022-12-29 12:00:34,988] 48 root - INFO - selecting columns names which contains null above to 0.7
[2022-12-29 12:00:34,989] 51 root - INFO - droped columns are: Index(['ab_000', 'bn_000', 'bo_000', 'bp_000', 'bq_000', 'br_000', 'cr_000'], dtype='object')
[2022-12-29 12:00:35,086] 125 root - INFO - replacing na with np.nan and droping missing values columns
[2022-12-29 12:00:35,086] 127 root - INFO - Reading train dataframe
[2022-12-29 12:00:35,488] 129 root - INFO - Reading test dataframe
[2022-12-29 12:00:35,591] 132 root - INFO - Drop null values columns from train df
[2022-12-29 12:00:35,591] 44 root - INFO - droping_missing_values_columns in the dataframe df.
[2022-12-29 12:00:35,609] 48 root - INFO - selecting columns names which contains null above to 0.7
[2022-12-29 12:00:35,609] 51 root - INFO - droped columns are: Index(['ab_000', 'bn_000', 'bo_000', 'bp_000', 'bq_000', 'br_000', 'cr_000'], dtype='object')
[2022-12-29 12:00:35,623] 134 root - INFO - Drop null values columns from test df
[2022-12-29 12:00:35,623] 44 root - INFO - droping_missing_values_columns in the dataframe df.
[2022-12-29 12:00:35,629] 48 root - INFO - selecting columns names which contains null above to 0.7
[2022-12-29 12:00:35,629] 51 root - INFO - droped columns are: Index(['ab_000', 'bn_000', 'bo_000', 'bp_000', 'bq_000', 'br_000', 'cr_000'], dtype='object')
