[2022-12-30 11:53:52,859] 16 root - INFO - >>>>>>>>>>>>>>>>>>>>>>>>>>>>>>>>>>>>>>>> Data Ingestion <<<<<<<<<<<<<<<<<<<<<<<<<<<<<<<<<<<<<<<<
[2022-12-30 11:53:52,859] 24 root - INFO - Exporting collection data as pandas dataframe
[2022-12-30 11:53:52,859] 20 root - INFO - Read data from database:aps and collection: sensor
[2022-12-30 11:53:56,558] 22 root - INFO - Found columns: Index(['_id', 'class', 'aa_000', 'ab_000', 'ac_000', 'ad_000', 'ae_000',
       'af_000', 'ag_000', 'ag_001',
       ...
       'ee_002', 'ee_003', 'ee_004', 'ee_005', 'ee_006', 'ee_007', 'ee_008',
       'ee_009', 'ef_000', 'eg_000'],
      dtype='object', length=172)
[2022-12-30 11:53:56,559] 26 root - INFO - Row and Columns in df: (36188, 172)
[2022-12-30 11:53:56,559] 31 root - INFO - replace na with Nan
[2022-12-30 11:53:57,218] 36 root - INFO - Create feature store folder if not available
[2022-12-30 11:53:57,219] 41 root - INFO - save df to feature store folder
[2022-12-30 11:53:59,911] 46 root - INFO - split dataset into train and test set.
[2022-12-30 11:54:00,623] 50 root - INFO - create dataset directory folder if not avaiable
[2022-12-30 11:54:00,623] 55 root - INFO - save df to feature store folder
[2022-12-30 11:54:02,984] 66 root - INFO - Data ingestion artifact:DataIngestionArtifact(feature_store_file_path='/config/workspace/artifact/12-30-22__11:53:52/data_ingestion/feature_store/sensor.csv', train_file_path='/config/workspace/artifact/12-30-22__11:53:52/data_ingestion/dataset/train.csv', test_file_path='/config/workspace/artifact/12-30-22__11:53:52/data_ingestion/dataset/test.csv')
[2022-12-30 11:54:02,984] 67 root - INFO - >>>>>>>>>>>>>>>>>>>>>>>>>>>>>>>>>>>>>>>> Data Ingestion is completed. <<<<<<<<<<<<<<<<<<<<<<<<<<<<<<<<<<<<<<<<
[2022-12-30 11:54:03,457] 20 root - INFO - >>>>>>>>>>>>>>>>>>>>>>>>>>>>>>>>>>>>>>>> Data Validation <<<<<<<<<<<<<<<<<<<<<<<<<<<<<<<<<<<<<<<< 
[2022-12-30 11:54:03,457] 119 root - INFO - reading base dataframe
[2022-12-30 11:54:06,387] 122 root - INFO - Replace na value in base df
[2022-12-30 11:54:06,387] 124 root - INFO - Drop null values columns from base df
[2022-12-30 11:54:06,387] 44 root - INFO - droping_missing_values_columns in the dataframe df.
[2022-12-30 11:54:07,336] 48 root - INFO - selecting columns names which contains null above to 0.7
[2022-12-30 11:54:07,336] 52 root - INFO - droped columns are: ['ab_000', 'bn_000', 'bo_000', 'bp_000', 'bq_000', 'br_000', 'cr_000']
[2022-12-30 11:54:07,451] 126 root - INFO - replacing na with np.nan and droping missing values columns
[2022-12-30 11:54:07,452] 128 root - INFO - Reading train dataframe
[2022-12-30 11:54:07,856] 130 root - INFO - Reading test dataframe
[2022-12-30 11:54:07,963] 133 root - INFO - Drop null values columns from train df
[2022-12-30 11:54:07,963] 44 root - INFO - droping_missing_values_columns in the dataframe df.
[2022-12-30 11:54:07,978] 48 root - INFO - selecting columns names which contains null above to 0.7
[2022-12-30 11:54:07,979] 52 root - INFO - droped columns are: ['ab_000', 'bn_000', 'bo_000', 'bp_000', 'bq_000', 'br_000', 'cr_000']
[2022-12-30 11:54:07,989] 135 root - INFO - Drop null values columns from test df
[2022-12-30 11:54:07,989] 44 root - INFO - droping_missing_values_columns in the dataframe df.
[2022-12-30 11:54:07,994] 48 root - INFO - selecting columns names which contains null above to 0.7
[2022-12-30 11:54:07,995] 52 root - INFO - droped columns are: ['ab_000', 'bn_000', 'bo_000', 'bp_000', 'bq_000', 'br_000', 'cr_000']
[2022-12-30 11:54:07,999] 47 root - INFO - succefully com1.
[2022-12-30 11:54:08,000] 47 root - INFO - succefully com1.
[2022-12-30 11:54:08,000] 49 root - INFO - succefully com2.
[2022-12-30 11:54:08,001] 51 root - INFO - succefully com3.
[2022-12-30 11:54:08,001] 47 root - INFO - succefully com1.
[2022-12-30 11:54:08,001] 49 root - INFO - succefully com2.
[2022-12-30 11:54:08,083] 51 root - INFO - succefully com3.
[2022-12-30 11:54:08,084] 47 root - INFO - succefully com1.
[2022-12-30 11:54:08,084] 49 root - INFO - succefully com2.
[2022-12-30 11:54:08,162] 51 root - INFO - succefully com3.
[2022-12-30 11:54:08,163] 47 root - INFO - succefully com1.
[2022-12-30 11:54:08,163] 49 root - INFO - succefully com2.
[2022-12-30 11:54:08,247] 51 root - INFO - succefully com3.
[2022-12-30 11:54:08,248] 47 root - INFO - succefully com1.
[2022-12-30 11:54:08,248] 49 root - INFO - succefully com2.
[2022-12-30 11:54:08,322] 51 root - INFO - succefully com3.
[2022-12-30 11:54:08,323] 47 root - INFO - succefully com1.
[2022-12-30 11:54:08,323] 49 root - INFO - succefully com2.
[2022-12-30 11:54:08,403] 51 root - INFO - succefully com3.
[2022-12-30 11:54:08,403] 47 root - INFO - succefully com1.
[2022-12-30 11:54:08,404] 49 root - INFO - succefully com2.
[2022-12-30 11:54:08,477] 51 root - INFO - succefully com3.
[2022-12-30 11:54:08,478] 47 root - INFO - succefully com1.
[2022-12-30 11:54:08,478] 49 root - INFO - succefully com2.
[2022-12-30 11:54:08,556] 51 root - INFO - succefully com3.
[2022-12-30 11:54:08,556] 47 root - INFO - succefully com1.
[2022-12-30 11:54:08,557] 49 root - INFO - succefully com2.
[2022-12-30 11:54:08,630] 51 root - INFO - succefully com3.
[2022-12-30 11:54:08,631] 47 root - INFO - succefully com1.
[2022-12-30 11:54:08,631] 49 root - INFO - succefully com2.
[2022-12-30 11:54:08,709] 51 root - INFO - succefully com3.
[2022-12-30 11:54:08,709] 47 root - INFO - succefully com1.
[2022-12-30 11:54:08,710] 49 root - INFO - succefully com2.
[2022-12-30 11:54:08,783] 51 root - INFO - succefully com3.
[2022-12-30 11:54:08,783] 47 root - INFO - succefully com1.
[2022-12-30 11:54:08,783] 49 root - INFO - succefully com2.
[2022-12-30 11:54:08,862] 51 root - INFO - succefully com3.
[2022-12-30 11:54:08,863] 47 root - INFO - succefully com1.
[2022-12-30 11:54:08,863] 49 root - INFO - succefully com2.
[2022-12-30 11:54:08,935] 51 root - INFO - succefully com3.
[2022-12-30 11:54:08,935] 47 root - INFO - succefully com1.
[2022-12-30 11:54:08,935] 49 root - INFO - succefully com2.
[2022-12-30 11:54:09,012] 51 root - INFO - succefully com3.
[2022-12-30 11:54:09,012] 47 root - INFO - succefully com1.
[2022-12-30 11:54:09,012] 49 root - INFO - succefully com2.
[2022-12-30 11:54:09,085] 51 root - INFO - succefully com3.
[2022-12-30 11:54:09,085] 47 root - INFO - succefully com1.
[2022-12-30 11:54:09,085] 49 root - INFO - succefully com2.
[2022-12-30 11:54:09,194] 51 root - INFO - succefully com3.
[2022-12-30 11:54:09,194] 47 root - INFO - succefully com1.
[2022-12-30 11:54:09,194] 49 root - INFO - succefully com2.
[2022-12-30 11:54:09,264] 51 root - INFO - succefully com3.
[2022-12-30 11:54:09,264] 47 root - INFO - succefully com1.
[2022-12-30 11:54:09,264] 49 root - INFO - succefully com2.
[2022-12-30 11:54:09,348] 51 root - INFO - succefully com3.
[2022-12-30 11:54:09,348] 47 root - INFO - succefully com1.
[2022-12-30 11:54:09,348] 49 root - INFO - succefully com2.
[2022-12-30 11:54:09,418] 51 root - INFO - succefully com3.
[2022-12-30 11:54:09,418] 47 root - INFO - succefully com1.
[2022-12-30 11:54:09,418] 49 root - INFO - succefully com2.
[2022-12-30 11:54:09,492] 51 root - INFO - succefully com3.
[2022-12-30 11:54:09,492] 47 root - INFO - succefully com1.
[2022-12-30 11:54:09,492] 49 root - INFO - succefully com2.
[2022-12-30 11:54:09,561] 51 root - INFO - succefully com3.
[2022-12-30 11:54:09,561] 47 root - INFO - succefully com1.
[2022-12-30 11:54:09,561] 49 root - INFO - succefully com2.
[2022-12-30 11:54:09,635] 51 root - INFO - succefully com3.
[2022-12-30 11:54:09,635] 47 root - INFO - succefully com1.
[2022-12-30 11:54:09,635] 49 root - INFO - succefully com2.
[2022-12-30 11:54:09,704] 51 root - INFO - succefully com3.
[2022-12-30 11:54:09,704] 47 root - INFO - succefully com1.
[2022-12-30 11:54:09,704] 49 root - INFO - succefully com2.
[2022-12-30 11:54:09,778] 51 root - INFO - succefully com3.
[2022-12-30 11:54:09,778] 47 root - INFO - succefully com1.
[2022-12-30 11:54:09,778] 49 root - INFO - succefully com2.
[2022-12-30 11:54:09,846] 51 root - INFO - succefully com3.
[2022-12-30 11:54:09,846] 47 root - INFO - succefully com1.
[2022-12-30 11:54:09,846] 49 root - INFO - succefully com2.
[2022-12-30 11:54:09,917] 51 root - INFO - succefully com3.
[2022-12-30 11:54:09,917] 47 root - INFO - succefully com1.
[2022-12-30 11:54:09,917] 49 root - INFO - succefully com2.
[2022-12-30 11:54:10,001] 51 root - INFO - succefully com3.
[2022-12-30 11:54:10,001] 47 root - INFO - succefully com1.
[2022-12-30 11:54:10,001] 49 root - INFO - succefully com2.
[2022-12-30 11:54:10,073] 51 root - INFO - succefully com3.
[2022-12-30 11:54:10,073] 47 root - INFO - succefully com1.
[2022-12-30 11:54:10,073] 49 root - INFO - succefully com2.
[2022-12-30 11:54:10,137] 51 root - INFO - succefully com3.
[2022-12-30 11:54:10,138] 47 root - INFO - succefully com1.
[2022-12-30 11:54:10,138] 49 root - INFO - succefully com2.
[2022-12-30 11:54:10,208] 51 root - INFO - succefully com3.
[2022-12-30 11:54:10,209] 47 root - INFO - succefully com1.
[2022-12-30 11:54:10,209] 49 root - INFO - succefully com2.
[2022-12-30 11:54:10,282] 51 root - INFO - succefully com3.
[2022-12-30 11:54:10,282] 47 root - INFO - succefully com1.
[2022-12-30 11:54:10,282] 49 root - INFO - succefully com2.
[2022-12-30 11:54:10,354] 51 root - INFO - succefully com3.
[2022-12-30 11:54:10,354] 47 root - INFO - succefully com1.
[2022-12-30 11:54:10,354] 49 root - INFO - succefully com2.
[2022-12-30 11:54:10,420] 51 root - INFO - succefully com3.
[2022-12-30 11:54:10,420] 47 root - INFO - succefully com1.
[2022-12-30 11:54:10,421] 49 root - INFO - succefully com2.
[2022-12-30 11:54:10,488] 51 root - INFO - succefully com3.
[2022-12-30 11:54:10,489] 47 root - INFO - succefully com1.
[2022-12-30 11:54:10,489] 49 root - INFO - succefully com2.
[2022-12-30 11:54:10,556] 51 root - INFO - succefully com3.
[2022-12-30 11:54:10,556] 47 root - INFO - succefully com1.
[2022-12-30 11:54:10,556] 49 root - INFO - succefully com2.
[2022-12-30 11:54:10,633] 51 root - INFO - succefully com3.
[2022-12-30 11:54:10,634] 47 root - INFO - succefully com1.
[2022-12-30 11:54:10,634] 49 root - INFO - succefully com2.
[2022-12-30 11:54:10,700] 51 root - INFO - succefully com3.
[2022-12-30 11:54:10,700] 47 root - INFO - succefully com1.
[2022-12-30 11:54:10,700] 49 root - INFO - succefully com2.
[2022-12-30 11:54:10,769] 51 root - INFO - succefully com3.
[2022-12-30 11:54:10,769] 47 root - INFO - succefully com1.
[2022-12-30 11:54:10,769] 49 root - INFO - succefully com2.
[2022-12-30 11:54:10,832] 51 root - INFO - succefully com3.
[2022-12-30 11:54:10,832] 47 root - INFO - succefully com1.
[2022-12-30 11:54:10,832] 49 root - INFO - succefully com2.
[2022-12-30 11:54:10,899] 51 root - INFO - succefully com3.
[2022-12-30 11:54:10,899] 47 root - INFO - succefully com1.
[2022-12-30 11:54:10,899] 49 root - INFO - succefully com2.
[2022-12-30 11:54:10,959] 51 root - INFO - succefully com3.
[2022-12-30 11:54:10,959] 47 root - INFO - succefully com1.
[2022-12-30 11:54:10,959] 49 root - INFO - succefully com2.
[2022-12-30 11:54:11,027] 51 root - INFO - succefully com3.
[2022-12-30 11:54:11,027] 47 root - INFO - succefully com1.
[2022-12-30 11:54:11,027] 49 root - INFO - succefully com2.
[2022-12-30 11:54:11,088] 51 root - INFO - succefully com3.
[2022-12-30 11:54:11,088] 47 root - INFO - succefully com1.
[2022-12-30 11:54:11,088] 49 root - INFO - succefully com2.
[2022-12-30 11:54:11,154] 51 root - INFO - succefully com3.
[2022-12-30 11:54:11,154] 47 root - INFO - succefully com1.
[2022-12-30 11:54:11,154] 49 root - INFO - succefully com2.
[2022-12-30 11:54:11,218] 51 root - INFO - succefully com3.
[2022-12-30 11:54:11,218] 47 root - INFO - succefully com1.
[2022-12-30 11:54:11,218] 49 root - INFO - succefully com2.
[2022-12-30 11:54:11,283] 51 root - INFO - succefully com3.
[2022-12-30 11:54:11,283] 47 root - INFO - succefully com1.
[2022-12-30 11:54:11,283] 49 root - INFO - succefully com2.
[2022-12-30 11:54:11,343] 51 root - INFO - succefully com3.
[2022-12-30 11:54:11,343] 47 root - INFO - succefully com1.
[2022-12-30 11:54:11,343] 49 root - INFO - succefully com2.
[2022-12-30 11:54:11,417] 51 root - INFO - succefully com3.
[2022-12-30 11:54:11,418] 47 root - INFO - succefully com1.
[2022-12-30 11:54:11,418] 49 root - INFO - succefully com2.
[2022-12-30 11:54:11,476] 51 root - INFO - succefully com3.
[2022-12-30 11:54:11,476] 47 root - INFO - succefully com1.
[2022-12-30 11:54:11,476] 49 root - INFO - succefully com2.
[2022-12-30 11:54:11,539] 51 root - INFO - succefully com3.
[2022-12-30 11:54:11,539] 47 root - INFO - succefully com1.
[2022-12-30 11:54:11,539] 49 root - INFO - succefully com2.
[2022-12-30 11:54:11,594] 51 root - INFO - succefully com3.
[2022-12-30 11:54:11,595] 47 root - INFO - succefully com1.
[2022-12-30 11:54:11,595] 49 root - INFO - succefully com2.
[2022-12-30 11:54:11,656] 51 root - INFO - succefully com3.
[2022-12-30 11:54:11,656] 47 root - INFO - succefully com1.
[2022-12-30 11:54:11,656] 49 root - INFO - succefully com2.
[2022-12-30 11:54:11,709] 51 root - INFO - succefully com3.
[2022-12-30 11:54:11,710] 47 root - INFO - succefully com1.
[2022-12-30 11:54:11,710] 49 root - INFO - succefully com2.
[2022-12-30 11:54:11,763] 51 root - INFO - succefully com3.
[2022-12-30 11:54:11,763] 47 root - INFO - succefully com1.
[2022-12-30 11:54:11,763] 49 root - INFO - succefully com2.
[2022-12-30 11:54:11,815] 51 root - INFO - succefully com3.
[2022-12-30 11:54:11,815] 47 root - INFO - succefully com1.
[2022-12-30 11:54:11,815] 49 root - INFO - succefully com2.
[2022-12-30 11:54:11,867] 51 root - INFO - succefully com3.
[2022-12-30 11:54:11,868] 47 root - INFO - succefully com1.
[2022-12-30 11:54:11,868] 49 root - INFO - succefully com2.
[2022-12-30 11:54:11,919] 51 root - INFO - succefully com3.
[2022-12-30 11:54:11,919] 47 root - INFO - succefully com1.
[2022-12-30 11:54:11,919] 49 root - INFO - succefully com2.
[2022-12-30 11:54:11,970] 51 root - INFO - succefully com3.
[2022-12-30 11:54:11,970] 47 root - INFO - succefully com1.
[2022-12-30 11:54:11,970] 49 root - INFO - succefully com2.
[2022-12-30 11:54:12,060] 51 root - INFO - succefully com3.
[2022-12-30 11:54:12,060] 47 root - INFO - succefully com1.
[2022-12-30 11:54:12,060] 49 root - INFO - succefully com2.
[2022-12-30 11:54:12,115] 51 root - INFO - succefully com3.
[2022-12-30 11:54:12,115] 47 root - INFO - succefully com1.
[2022-12-30 11:54:12,115] 49 root - INFO - succefully com2.
[2022-12-30 11:54:12,164] 51 root - INFO - succefully com3.
[2022-12-30 11:54:12,165] 47 root - INFO - succefully com1.
[2022-12-30 11:54:12,165] 49 root - INFO - succefully com2.
[2022-12-30 11:54:12,214] 51 root - INFO - succefully com3.
[2022-12-30 11:54:12,214] 47 root - INFO - succefully com1.
[2022-12-30 11:54:12,214] 49 root - INFO - succefully com2.
[2022-12-30 11:54:12,262] 51 root - INFO - succefully com3.
[2022-12-30 11:54:12,262] 47 root - INFO - succefully com1.
[2022-12-30 11:54:12,262] 49 root - INFO - succefully com2.
[2022-12-30 11:54:12,312] 51 root - INFO - succefully com3.
[2022-12-30 11:54:12,312] 47 root - INFO - succefully com1.
[2022-12-30 11:54:12,312] 49 root - INFO - succefully com2.
[2022-12-30 11:54:12,367] 51 root - INFO - succefully com3.
[2022-12-30 11:54:12,367] 47 root - INFO - succefully com1.
[2022-12-30 11:54:12,367] 49 root - INFO - succefully com2.
[2022-12-30 11:54:12,419] 51 root - INFO - succefully com3.
[2022-12-30 11:54:12,419] 47 root - INFO - succefully com1.
[2022-12-30 11:54:12,419] 49 root - INFO - succefully com2.
[2022-12-30 11:54:12,467] 51 root - INFO - succefully com3.
[2022-12-30 11:54:12,467] 47 root - INFO - succefully com1.
[2022-12-30 11:54:12,467] 49 root - INFO - succefully com2.
[2022-12-30 11:54:12,514] 51 root - INFO - succefully com3.
[2022-12-30 11:54:12,514] 47 root - INFO - succefully com1.
[2022-12-30 11:54:12,514] 49 root - INFO - succefully com2.
[2022-12-30 11:54:12,560] 51 root - INFO - succefully com3.
[2022-12-30 11:54:12,560] 47 root - INFO - succefully com1.
[2022-12-30 11:54:12,560] 49 root - INFO - succefully com2.
[2022-12-30 11:54:12,606] 51 root - INFO - succefully com3.
[2022-12-30 11:54:12,606] 47 root - INFO - succefully com1.
[2022-12-30 11:54:12,606] 49 root - INFO - succefully com2.
[2022-12-30 11:54:12,650] 51 root - INFO - succefully com3.
[2022-12-30 11:54:12,651] 47 root - INFO - succefully com1.
[2022-12-30 11:54:12,651] 49 root - INFO - succefully com2.
[2022-12-30 11:54:12,694] 51 root - INFO - succefully com3.
[2022-12-30 11:54:12,694] 47 root - INFO - succefully com1.
[2022-12-30 11:54:12,694] 49 root - INFO - succefully com2.
[2022-12-30 11:54:12,743] 51 root - INFO - succefully com3.
[2022-12-30 11:54:12,743] 47 root - INFO - succefully com1.
[2022-12-30 11:54:12,743] 49 root - INFO - succefully com2.
[2022-12-30 11:54:12,792] 51 root - INFO - succefully com3.
[2022-12-30 11:54:12,792] 47 root - INFO - succefully com1.
[2022-12-30 11:54:12,792] 49 root - INFO - succefully com2.
[2022-12-30 11:54:12,835] 51 root - INFO - succefully com3.
[2022-12-30 11:54:12,836] 47 root - INFO - succefully com1.
[2022-12-30 11:54:12,836] 49 root - INFO - succefully com2.
[2022-12-30 11:54:12,878] 51 root - INFO - succefully com3.
[2022-12-30 11:54:12,878] 47 root - INFO - succefully com1.
[2022-12-30 11:54:12,878] 49 root - INFO - succefully com2.
[2022-12-30 11:54:12,920] 51 root - INFO - succefully com3.
[2022-12-30 11:54:12,920] 47 root - INFO - succefully com1.
[2022-12-30 11:54:12,920] 49 root - INFO - succefully com2.
[2022-12-30 11:54:12,961] 51 root - INFO - succefully com3.
[2022-12-30 11:54:12,962] 47 root - INFO - succefully com1.
[2022-12-30 11:54:12,962] 49 root - INFO - succefully com2.
[2022-12-30 11:54:13,004] 51 root - INFO - succefully com3.
[2022-12-30 11:54:13,005] 47 root - INFO - succefully com1.
[2022-12-30 11:54:13,005] 49 root - INFO - succefully com2.
[2022-12-30 11:54:13,045] 51 root - INFO - succefully com3.
[2022-12-30 11:54:13,045] 47 root - INFO - succefully com1.
[2022-12-30 11:54:13,045] 49 root - INFO - succefully com2.
[2022-12-30 11:54:13,084] 51 root - INFO - succefully com3.
[2022-12-30 11:54:13,084] 47 root - INFO - succefully com1.
[2022-12-30 11:54:13,085] 49 root - INFO - succefully com2.
[2022-12-30 11:54:13,124] 51 root - INFO - succefully com3.
[2022-12-30 11:54:13,124] 47 root - INFO - succefully com1.
[2022-12-30 11:54:13,124] 49 root - INFO - succefully com2.
[2022-12-30 11:54:13,163] 51 root - INFO - succefully com3.
[2022-12-30 11:54:13,163] 47 root - INFO - succefully com1.
[2022-12-30 11:54:13,163] 49 root - INFO - succefully com2.
[2022-12-30 11:54:13,200] 51 root - INFO - succefully com3.
[2022-12-30 11:54:13,200] 47 root - INFO - succefully com1.
[2022-12-30 11:54:13,200] 49 root - INFO - succefully com2.
[2022-12-30 11:54:13,238] 51 root - INFO - succefully com3.
[2022-12-30 11:54:13,238] 47 root - INFO - succefully com1.
[2022-12-30 11:54:13,238] 49 root - INFO - succefully com2.
[2022-12-30 11:54:13,276] 51 root - INFO - succefully com3.
[2022-12-30 11:54:13,276] 47 root - INFO - succefully com1.
[2022-12-30 11:54:13,277] 49 root - INFO - succefully com2.
[2022-12-30 11:54:13,312] 51 root - INFO - succefully com3.
[2022-12-30 11:54:13,312] 47 root - INFO - succefully com1.
[2022-12-30 11:54:13,312] 49 root - INFO - succefully com2.
[2022-12-30 11:54:13,348] 51 root - INFO - succefully com3.
[2022-12-30 11:54:13,348] 47 root - INFO - succefully com1.
[2022-12-30 11:54:13,348] 49 root - INFO - succefully com2.
[2022-12-30 11:54:13,385] 51 root - INFO - succefully com3.
[2022-12-30 11:54:13,385] 47 root - INFO - succefully com1.
[2022-12-30 11:54:13,386] 49 root - INFO - succefully com2.
[2022-12-30 11:54:13,430] 51 root - INFO - succefully com3.
[2022-12-30 11:54:13,430] 47 root - INFO - succefully com1.
[2022-12-30 11:54:13,430] 49 root - INFO - succefully com2.
[2022-12-30 11:54:13,466] 51 root - INFO - succefully com3.
[2022-12-30 11:54:13,467] 47 root - INFO - succefully com1.
[2022-12-30 11:54:13,467] 49 root - INFO - succefully com2.
[2022-12-30 11:54:13,501] 51 root - INFO - succefully com3.
[2022-12-30 11:54:13,501] 47 root - INFO - succefully com1.
[2022-12-30 11:54:13,501] 49 root - INFO - succefully com2.
[2022-12-30 11:54:13,537] 51 root - INFO - succefully com3.
[2022-12-30 11:54:13,538] 47 root - INFO - succefully com1.
[2022-12-30 11:54:13,538] 49 root - INFO - succefully com2.
[2022-12-30 11:54:13,572] 51 root - INFO - succefully com3.
[2022-12-30 11:54:13,572] 47 root - INFO - succefully com1.
[2022-12-30 11:54:13,572] 49 root - INFO - succefully com2.
[2022-12-30 11:54:13,606] 51 root - INFO - succefully com3.
[2022-12-30 11:54:13,606] 47 root - INFO - succefully com1.
[2022-12-30 11:54:13,606] 49 root - INFO - succefully com2.
[2022-12-30 11:54:13,641] 51 root - INFO - succefully com3.
[2022-12-30 11:54:13,641] 47 root - INFO - succefully com1.
[2022-12-30 11:54:13,641] 49 root - INFO - succefully com2.
[2022-12-30 11:54:13,676] 51 root - INFO - succefully com3.
[2022-12-30 11:54:13,676] 47 root - INFO - succefully com1.
[2022-12-30 11:54:13,676] 49 root - INFO - succefully com2.
[2022-12-30 11:54:13,714] 51 root - INFO - succefully com3.
[2022-12-30 11:54:13,715] 47 root - INFO - succefully com1.
[2022-12-30 11:54:13,715] 49 root - INFO - succefully com2.
[2022-12-30 11:54:13,749] 51 root - INFO - succefully com3.
[2022-12-30 11:54:13,749] 47 root - INFO - succefully com1.
[2022-12-30 11:54:13,749] 49 root - INFO - succefully com2.
[2022-12-30 11:54:13,781] 51 root - INFO - succefully com3.
[2022-12-30 11:54:13,781] 47 root - INFO - succefully com1.
[2022-12-30 11:54:13,781] 49 root - INFO - succefully com2.
[2022-12-30 11:54:13,812] 51 root - INFO - succefully com3.
[2022-12-30 11:54:13,812] 47 root - INFO - succefully com1.
[2022-12-30 11:54:13,812] 49 root - INFO - succefully com2.
[2022-12-30 11:54:13,843] 51 root - INFO - succefully com3.
[2022-12-30 11:54:13,844] 47 root - INFO - succefully com1.
[2022-12-30 11:54:13,844] 49 root - INFO - succefully com2.
[2022-12-30 11:54:13,876] 51 root - INFO - succefully com3.
[2022-12-30 11:54:13,876] 47 root - INFO - succefully com1.
[2022-12-30 11:54:13,876] 49 root - INFO - succefully com2.
[2022-12-30 11:54:13,905] 51 root - INFO - succefully com3.
[2022-12-30 11:54:13,906] 47 root - INFO - succefully com1.
[2022-12-30 11:54:13,906] 49 root - INFO - succefully com2.
[2022-12-30 11:54:13,935] 51 root - INFO - succefully com3.
[2022-12-30 11:54:13,935] 47 root - INFO - succefully com1.
[2022-12-30 11:54:13,935] 49 root - INFO - succefully com2.
[2022-12-30 11:54:13,964] 51 root - INFO - succefully com3.
[2022-12-30 11:54:13,965] 47 root - INFO - succefully com1.
[2022-12-30 11:54:13,965] 49 root - INFO - succefully com2.
[2022-12-30 11:54:13,996] 51 root - INFO - succefully com3.
[2022-12-30 11:54:13,996] 47 root - INFO - succefully com1.
[2022-12-30 11:54:13,996] 49 root - INFO - succefully com2.
[2022-12-30 11:54:14,025] 51 root - INFO - succefully com3.
[2022-12-30 11:54:14,025] 47 root - INFO - succefully com1.
[2022-12-30 11:54:14,025] 49 root - INFO - succefully com2.
[2022-12-30 11:54:14,052] 51 root - INFO - succefully com3.
[2022-12-30 11:54:14,052] 47 root - INFO - succefully com1.
[2022-12-30 11:54:14,052] 49 root - INFO - succefully com2.
[2022-12-30 11:54:14,082] 51 root - INFO - succefully com3.
[2022-12-30 11:54:14,082] 47 root - INFO - succefully com1.
[2022-12-30 11:54:14,082] 49 root - INFO - succefully com2.
[2022-12-30 11:54:14,108] 51 root - INFO - succefully com3.
[2022-12-30 11:54:14,108] 47 root - INFO - succefully com1.
[2022-12-30 11:54:14,108] 49 root - INFO - succefully com2.
[2022-12-30 11:54:14,135] 51 root - INFO - succefully com3.
[2022-12-30 11:54:14,135] 47 root - INFO - succefully com1.
[2022-12-30 11:54:14,135] 49 root - INFO - succefully com2.
[2022-12-30 11:54:14,160] 51 root - INFO - succefully com3.
[2022-12-30 11:54:14,160] 47 root - INFO - succefully com1.
[2022-12-30 11:54:14,160] 49 root - INFO - succefully com2.
[2022-12-30 11:54:14,185] 51 root - INFO - succefully com3.
[2022-12-30 11:54:14,185] 47 root - INFO - succefully com1.
[2022-12-30 11:54:14,185] 49 root - INFO - succefully com2.
[2022-12-30 11:54:14,210] 51 root - INFO - succefully com3.
[2022-12-30 11:54:14,210] 47 root - INFO - succefully com1.
[2022-12-30 11:54:14,210] 49 root - INFO - succefully com2.
[2022-12-30 11:54:14,235] 51 root - INFO - succefully com3.
[2022-12-30 11:54:14,235] 47 root - INFO - succefully com1.
[2022-12-30 11:54:14,235] 49 root - INFO - succefully com2.
[2022-12-30 11:54:14,262] 51 root - INFO - succefully com3.
[2022-12-30 11:54:14,262] 47 root - INFO - succefully com1.
[2022-12-30 11:54:14,262] 49 root - INFO - succefully com2.
[2022-12-30 11:54:14,289] 51 root - INFO - succefully com3.
[2022-12-30 11:54:14,290] 47 root - INFO - succefully com1.
[2022-12-30 11:54:14,290] 49 root - INFO - succefully com2.
[2022-12-30 11:54:14,312] 51 root - INFO - succefully com3.
[2022-12-30 11:54:14,312] 47 root - INFO - succefully com1.
[2022-12-30 11:54:14,313] 49 root - INFO - succefully com2.
[2022-12-30 11:54:14,335] 51 root - INFO - succefully com3.
[2022-12-30 11:54:14,335] 47 root - INFO - succefully com1.
[2022-12-30 11:54:14,335] 49 root - INFO - succefully com2.
[2022-12-30 11:54:14,356] 51 root - INFO - succefully com3.
[2022-12-30 11:54:14,356] 47 root - INFO - succefully com1.
[2022-12-30 11:54:14,356] 49 root - INFO - succefully com2.
[2022-12-30 11:54:14,377] 51 root - INFO - succefully com3.
[2022-12-30 11:54:14,377] 47 root - INFO - succefully com1.
[2022-12-30 11:54:14,377] 49 root - INFO - succefully com2.
[2022-12-30 11:54:14,397] 51 root - INFO - succefully com3.
[2022-12-30 11:54:14,397] 47 root - INFO - succefully com1.
[2022-12-30 11:54:14,397] 49 root - INFO - succefully com2.
[2022-12-30 11:54:14,417] 51 root - INFO - succefully com3.
[2022-12-30 11:54:14,417] 47 root - INFO - succefully com1.
[2022-12-30 11:54:14,417] 49 root - INFO - succefully com2.
[2022-12-30 11:54:14,437] 51 root - INFO - succefully com3.
[2022-12-30 11:54:14,437] 47 root - INFO - succefully com1.
[2022-12-30 11:54:14,437] 49 root - INFO - succefully com2.
[2022-12-30 11:54:14,459] 51 root - INFO - succefully com3.
[2022-12-30 11:54:14,459] 47 root - INFO - succefully com1.
[2022-12-30 11:54:14,459] 49 root - INFO - succefully com2.
[2022-12-30 11:54:14,481] 51 root - INFO - succefully com3.
[2022-12-30 11:54:14,481] 47 root - INFO - succefully com1.
[2022-12-30 11:54:14,481] 49 root - INFO - succefully com2.
[2022-12-30 11:54:14,501] 51 root - INFO - succefully com3.
[2022-12-30 11:54:14,502] 47 root - INFO - succefully com1.
[2022-12-30 11:54:14,502] 49 root - INFO - succefully com2.
[2022-12-30 11:54:14,521] 51 root - INFO - succefully com3.
[2022-12-30 11:54:14,522] 47 root - INFO - succefully com1.
[2022-12-30 11:54:14,522] 49 root - INFO - succefully com2.
[2022-12-30 11:54:14,540] 51 root - INFO - succefully com3.
[2022-12-30 11:54:14,540] 47 root - INFO - succefully com1.
[2022-12-30 11:54:14,540] 49 root - INFO - succefully com2.
[2022-12-30 11:54:14,557] 51 root - INFO - succefully com3.
[2022-12-30 11:54:14,558] 47 root - INFO - succefully com1.
[2022-12-30 11:54:14,558] 49 root - INFO - succefully com2.
[2022-12-30 11:54:14,576] 51 root - INFO - succefully com3.
[2022-12-30 11:54:14,576] 47 root - INFO - succefully com1.
[2022-12-30 11:54:14,576] 49 root - INFO - succefully com2.
[2022-12-30 11:54:14,593] 51 root - INFO - succefully com3.
[2022-12-30 11:54:14,593] 47 root - INFO - succefully com1.
[2022-12-30 11:54:14,593] 49 root - INFO - succefully com2.
[2022-12-30 11:54:14,609] 51 root - INFO - succefully com3.
[2022-12-30 11:54:14,609] 47 root - INFO - succefully com1.
[2022-12-30 11:54:14,609] 49 root - INFO - succefully com2.
[2022-12-30 11:54:14,625] 51 root - INFO - succefully com3.
[2022-12-30 11:54:14,626] 47 root - INFO - succefully com1.
[2022-12-30 11:54:14,626] 49 root - INFO - succefully com2.
[2022-12-30 11:54:14,643] 51 root - INFO - succefully com3.
[2022-12-30 11:54:14,643] 47 root - INFO - succefully com1.
[2022-12-30 11:54:14,644] 49 root - INFO - succefully com2.
[2022-12-30 11:54:14,661] 51 root - INFO - succefully com3.
[2022-12-30 11:54:14,661] 47 root - INFO - succefully com1.
[2022-12-30 11:54:14,661] 49 root - INFO - succefully com2.
[2022-12-30 11:54:14,677] 51 root - INFO - succefully com3.
[2022-12-30 11:54:14,677] 47 root - INFO - succefully com1.
[2022-12-30 11:54:14,677] 49 root - INFO - succefully com2.
[2022-12-30 11:54:14,692] 51 root - INFO - succefully com3.
[2022-12-30 11:54:14,692] 47 root - INFO - succefully com1.
[2022-12-30 11:54:14,692] 49 root - INFO - succefully com2.
[2022-12-30 11:54:14,706] 51 root - INFO - succefully com3.
[2022-12-30 11:54:14,707] 47 root - INFO - succefully com1.
[2022-12-30 11:54:14,707] 49 root - INFO - succefully com2.
[2022-12-30 11:54:14,721] 51 root - INFO - succefully com3.
[2022-12-30 11:54:14,722] 47 root - INFO - succefully com1.
[2022-12-30 11:54:14,722] 49 root - INFO - succefully com2.
[2022-12-30 11:54:14,736] 51 root - INFO - succefully com3.
[2022-12-30 11:54:14,736] 47 root - INFO - succefully com1.
[2022-12-30 11:54:14,736] 49 root - INFO - succefully com2.
[2022-12-30 11:54:14,750] 51 root - INFO - succefully com3.
[2022-12-30 11:54:14,750] 47 root - INFO - succefully com1.
[2022-12-30 11:54:14,750] 49 root - INFO - succefully com2.
[2022-12-30 11:54:14,763] 51 root - INFO - succefully com3.
[2022-12-30 11:54:14,764] 47 root - INFO - succefully com1.
[2022-12-30 11:54:14,764] 49 root - INFO - succefully com2.
[2022-12-30 11:54:14,776] 51 root - INFO - succefully com3.
[2022-12-30 11:54:14,776] 47 root - INFO - succefully com1.
[2022-12-30 11:54:14,776] 49 root - INFO - succefully com2.
[2022-12-30 11:54:14,788] 51 root - INFO - succefully com3.
[2022-12-30 11:54:14,788] 47 root - INFO - succefully com1.
[2022-12-30 11:54:14,788] 49 root - INFO - succefully com2.
[2022-12-30 11:54:14,800] 51 root - INFO - succefully com3.
[2022-12-30 11:54:14,800] 47 root - INFO - succefully com1.
[2022-12-30 11:54:14,800] 49 root - INFO - succefully com2.
[2022-12-30 11:54:14,811] 51 root - INFO - succefully com3.
[2022-12-30 11:54:14,811] 47 root - INFO - succefully com1.
[2022-12-30 11:54:14,811] 49 root - INFO - succefully com2.
[2022-12-30 11:54:14,822] 51 root - INFO - succefully com3.
[2022-12-30 11:54:14,823] 47 root - INFO - succefully com1.
[2022-12-30 11:54:14,823] 49 root - INFO - succefully com2.
[2022-12-30 11:54:14,834] 51 root - INFO - succefully com3.
[2022-12-30 11:54:14,834] 47 root - INFO - succefully com1.
[2022-12-30 11:54:14,834] 49 root - INFO - succefully com2.
[2022-12-30 11:54:14,845] 51 root - INFO - succefully com3.
[2022-12-30 11:54:14,845] 47 root - INFO - succefully com1.
[2022-12-30 11:54:14,845] 49 root - INFO - succefully com2.
[2022-12-30 11:54:14,855] 51 root - INFO - succefully com3.
[2022-12-30 11:54:14,856] 47 root - INFO - succefully com1.
[2022-12-30 11:54:14,856] 49 root - INFO - succefully com2.
[2022-12-30 11:54:14,866] 51 root - INFO - succefully com3.
[2022-12-30 11:54:14,866] 47 root - INFO - succefully com1.
[2022-12-30 11:54:14,866] 49 root - INFO - succefully com2.
[2022-12-30 11:54:14,875] 51 root - INFO - succefully com3.
[2022-12-30 11:54:14,875] 47 root - INFO - succefully com1.
[2022-12-30 11:54:14,876] 49 root - INFO - succefully com2.
[2022-12-30 11:54:14,884] 51 root - INFO - succefully com3.
[2022-12-30 11:54:14,885] 47 root - INFO - succefully com1.
[2022-12-30 11:54:14,885] 49 root - INFO - succefully com2.
[2022-12-30 11:54:14,893] 51 root - INFO - succefully com3.
[2022-12-30 11:54:14,893] 47 root - INFO - succefully com1.
[2022-12-30 11:54:14,893] 49 root - INFO - succefully com2.
[2022-12-30 11:54:14,901] 51 root - INFO - succefully com3.
[2022-12-30 11:54:14,901] 47 root - INFO - succefully com1.
[2022-12-30 11:54:14,901] 49 root - INFO - succefully com2.
[2022-12-30 11:54:14,909] 51 root - INFO - succefully com3.
[2022-12-30 11:54:14,909] 47 root - INFO - succefully com1.
[2022-12-30 11:54:14,909] 49 root - INFO - succefully com2.
[2022-12-30 11:54:14,916] 51 root - INFO - succefully com3.
[2022-12-30 11:54:14,916] 47 root - INFO - succefully com1.
[2022-12-30 11:54:14,916] 49 root - INFO - succefully com2.
[2022-12-30 11:54:14,923] 51 root - INFO - succefully com3.
[2022-12-30 11:54:14,923] 47 root - INFO - succefully com1.
[2022-12-30 11:54:14,923] 49 root - INFO - succefully com2.
[2022-12-30 11:54:14,929] 51 root - INFO - succefully com3.
[2022-12-30 11:54:14,929] 47 root - INFO - succefully com1.
[2022-12-30 11:54:14,929] 49 root - INFO - succefully com2.
[2022-12-30 11:54:14,933] 51 root - INFO - succefully com3.
[2022-12-30 11:54:14,934] 47 root - INFO - succefully com1.
[2022-12-30 11:54:14,934] 49 root - INFO - succefully com2.
[2022-12-30 11:54:14,938] 51 root - INFO - succefully com3.
[2022-12-30 11:54:14,939] 47 root - INFO - succefully com1.
[2022-12-30 11:54:14,939] 49 root - INFO - succefully com2.
