[2022-12-30 11:37:53,229] 16 root - INFO - >>>>>>>>>>>>>>>>>>>>>>>>>>>>>>>>>>>>>>>> Data Ingestion <<<<<<<<<<<<<<<<<<<<<<<<<<<<<<<<<<<<<<<<
[2022-12-30 11:37:53,229] 24 root - INFO - Exporting collection data as pandas dataframe
[2022-12-30 11:37:53,229] 20 root - INFO - Read data from database:aps and collection: sensor
[2022-12-30 11:37:56,793] 22 root - INFO - Found columns: Index(['_id', 'class', 'aa_000', 'ab_000', 'ac_000', 'ad_000', 'ae_000',
       'af_000', 'ag_000', 'ag_001',
       ...
       'ee_002', 'ee_003', 'ee_004', 'ee_005', 'ee_006', 'ee_007', 'ee_008',
       'ee_009', 'ef_000', 'eg_000'],
      dtype='object', length=172)
[2022-12-30 11:37:56,794] 26 root - INFO - Row and Columns in df: (36188, 172)
[2022-12-30 11:37:56,794] 31 root - INFO - replace na with Nan
[2022-12-30 11:37:57,344] 36 root - INFO - Create feature store folder if not available
[2022-12-30 11:37:57,344] 41 root - INFO - save df to feature store folder
[2022-12-30 11:37:59,795] 46 root - INFO - split dataset into train and test set.
[2022-12-30 11:38:00,413] 50 root - INFO - create dataset directory folder if not avaiable
[2022-12-30 11:38:00,413] 55 root - INFO - save df to feature store folder
[2022-12-30 11:38:02,641] 66 root - INFO - Data ingestion artifact:DataIngestionArtifact(feature_store_file_path='/config/workspace/artifact/12-30-22__11:37:53/data_ingestion/feature_store/sensor.csv', train_file_path='/config/workspace/artifact/12-30-22__11:37:53/data_ingestion/dataset/train.csv', test_file_path='/config/workspace/artifact/12-30-22__11:37:53/data_ingestion/dataset/test.csv')
[2022-12-30 11:38:02,641] 67 root - INFO - >>>>>>>>>>>>>>>>>>>>>>>>>>>>>>>>>>>>>>>> Data Ingestion is completed. <<<<<<<<<<<<<<<<<<<<<<<<<<<<<<<<<<<<<<<<
[2022-12-30 11:38:03,061] 20 root - INFO - >>>>>>>>>>>>>>>>>>>>>>>>>>>>>>>>>>>>>>>> Data Validation <<<<<<<<<<<<<<<<<<<<<<<<<<<<<<<<<<<<<<<< 
[2022-12-30 11:38:03,061] 118 root - INFO - reading base dataframe
[2022-12-30 11:38:05,939] 121 root - INFO - Replace na value in base df
[2022-12-30 11:38:05,940] 123 root - INFO - Drop null values columns from base df
[2022-12-30 11:38:05,940] 44 root - INFO - droping_missing_values_columns in the dataframe df.
[2022-12-30 11:38:06,876] 48 root - INFO - selecting columns names which contains null above to 0.7
[2022-12-30 11:38:06,877] 51 root - INFO - droped columns are: Index(['ab_000', 'bn_000', 'bo_000', 'bp_000', 'bq_000', 'br_000', 'cr_000'], dtype='object')
[2022-12-30 11:38:06,959] 125 root - INFO - replacing na with np.nan and droping missing values columns
[2022-12-30 11:38:06,959] 127 root - INFO - Reading train dataframe
[2022-12-30 11:38:07,375] 129 root - INFO - Reading test dataframe
[2022-12-30 11:38:07,478] 132 root - INFO - Drop null values columns from train df
[2022-12-30 11:38:07,478] 44 root - INFO - droping_missing_values_columns in the dataframe df.
[2022-12-30 11:38:07,494] 48 root - INFO - selecting columns names which contains null above to 0.7
[2022-12-30 11:38:07,494] 51 root - INFO - droped columns are: Index(['ab_000', 'bn_000', 'bo_000', 'bp_000', 'bq_000', 'br_000', 'cr_000'], dtype='object')
[2022-12-30 11:38:07,504] 134 root - INFO - Drop null values columns from test df
[2022-12-30 11:38:07,505] 44 root - INFO - droping_missing_values_columns in the dataframe df.
[2022-12-30 11:38:07,510] 48 root - INFO - selecting columns names which contains null above to 0.7
[2022-12-30 11:38:07,510] 51 root - INFO - droped columns are: Index(['ab_000', 'bn_000', 'bo_000', 'bp_000', 'bq_000', 'br_000', 'cr_000'], dtype='object')
