[2022-12-30 12:13:51,033] 16 root - INFO - >>>>>>>>>>>>>>>>>>>>>>>>>>>>>>>>>>>>>>>> Data Ingestion <<<<<<<<<<<<<<<<<<<<<<<<<<<<<<<<<<<<<<<<
[2022-12-30 12:13:51,033] 24 root - INFO - Exporting collection data as pandas dataframe
[2022-12-30 12:13:51,034] 20 root - INFO - Read data from database:aps and collection: sensor
[2022-12-30 12:13:54,827] 22 root - INFO - Found columns: Index(['_id', 'class', 'aa_000', 'ab_000', 'ac_000', 'ad_000', 'ae_000',
       'af_000', 'ag_000', 'ag_001',
       ...
       'ee_002', 'ee_003', 'ee_004', 'ee_005', 'ee_006', 'ee_007', 'ee_008',
       'ee_009', 'ef_000', 'eg_000'],
      dtype='object', length=172)
[2022-12-30 12:13:54,828] 24 root - INFO - Dropping column: _id
[2022-12-30 12:13:55,033] 26 root - INFO - Row and Columns in df: (36188, 171)
[2022-12-30 12:13:55,033] 31 root - INFO - replace na with Nan
[2022-12-30 12:13:55,583] 36 root - INFO - Create feature store folder if not available
[2022-12-30 12:13:55,584] 41 root - INFO - save df to feature store folder
[2022-12-30 12:13:58,174] 46 root - INFO - split dataset into train and test set.
[2022-12-30 12:13:58,972] 50 root - INFO - create dataset directory folder if not avaiable
[2022-12-30 12:13:58,972] 55 root - INFO - save df to feature store folder
[2022-12-30 12:14:01,277] 66 root - INFO - Data ingestion artifact:DataIngestionArtifact(feature_store_file_path='/config/workspace/artifact/12-30-22__12:13:51/data_ingestion/feature_store/sensor.csv', train_file_path='/config/workspace/artifact/12-30-22__12:13:51/data_ingestion/dataset/train.csv', test_file_path='/config/workspace/artifact/12-30-22__12:13:51/data_ingestion/dataset/test.csv')
[2022-12-30 12:14:01,277] 67 root - INFO - >>>>>>>>>>>>>>>>>>>>>>>>>>>>>>>>>>>>>>>> Data Ingestion is completed. <<<<<<<<<<<<<<<<<<<<<<<<<<<<<<<<<<<<<<<<
[2022-12-30 12:14:01,761] 20 root - INFO - >>>>>>>>>>>>>>>>>>>>>>>>>>>>>>>>>>>>>>>> Data Validation <<<<<<<<<<<<<<<<<<<<<<<<<<<<<<<<<<<<<<<< 
[2022-12-30 12:14:01,761] 119 root - INFO - reading base dataframe
[2022-12-30 12:14:04,759] 122 root - INFO - Replace na value in base df
[2022-12-30 12:14:04,760] 124 root - INFO - Drop null values columns from base df
[2022-12-30 12:14:04,760] 44 root - INFO - droping_missing_values_columns in the dataframe df.
[2022-12-30 12:14:05,727] 48 root - INFO - selecting columns names which contains null above to 0.7
[2022-12-30 12:14:05,728] 52 root - INFO - droped columns are: ['ab_000', 'bn_000', 'bo_000', 'bp_000', 'bq_000', 'br_000', 'cr_000']
[2022-12-30 12:14:05,823] 126 root - INFO - replacing na with np.nan and droping missing values columns
[2022-12-30 12:14:05,823] 128 root - INFO - Reading train dataframe
[2022-12-30 12:14:06,219] 130 root - INFO - Reading test dataframe
[2022-12-30 12:14:06,326] 133 root - INFO - Drop null values columns from train df
[2022-12-30 12:14:06,326] 44 root - INFO - droping_missing_values_columns in the dataframe df.
[2022-12-30 12:14:06,337] 48 root - INFO - selecting columns names which contains null above to 0.7
[2022-12-30 12:14:06,338] 52 root - INFO - droped columns are: ['ab_000', 'bn_000', 'bo_000', 'bp_000', 'bq_000', 'br_000', 'cr_000']
[2022-12-30 12:14:06,348] 135 root - INFO - Drop null values columns from test df
[2022-12-30 12:14:06,348] 44 root - INFO - droping_missing_values_columns in the dataframe df.
[2022-12-30 12:14:06,352] 48 root - INFO - selecting columns names which contains null above to 0.7
[2022-12-30 12:14:06,353] 52 root - INFO - droped columns are: ['ab_000', 'bn_000', 'bo_000', 'bp_000', 'bq_000', 'br_000', 'cr_000']
[2022-12-30 12:14:06,358] 49 root - INFO - succefully com3.aa_000
[2022-12-30 12:14:06,443] 49 root - INFO - succefully com3.ac_000
[2022-12-30 12:14:06,520] 49 root - INFO - succefully com3.ad_000
[2022-12-30 12:14:06,603] 49 root - INFO - succefully com3.ae_000
[2022-12-30 12:14:06,682] 49 root - INFO - succefully com3.af_000
[2022-12-30 12:14:06,802] 49 root - INFO - succefully com3.ag_000
[2022-12-30 12:14:06,880] 49 root - INFO - succefully com3.ag_001
[2022-12-30 12:14:06,962] 49 root - INFO - succefully com3.ag_002
[2022-12-30 12:14:07,038] 49 root - INFO - succefully com3.ag_003
[2022-12-30 12:14:07,120] 49 root - INFO - succefully com3.ag_004
[2022-12-30 12:14:07,197] 49 root - INFO - succefully com3.ag_005
[2022-12-30 12:14:07,278] 49 root - INFO - succefully com3.ag_006
[2022-12-30 12:14:07,354] 49 root - INFO - succefully com3.ag_007
[2022-12-30 12:14:07,447] 49 root - INFO - succefully com3.ag_008
[2022-12-30 12:14:07,524] 49 root - INFO - succefully com3.ag_009
[2022-12-30 12:14:07,602] 49 root - INFO - succefully com3.ah_000
[2022-12-30 12:14:07,672] 49 root - INFO - succefully com3.ai_000
[2022-12-30 12:14:07,748] 49 root - INFO - succefully com3.aj_000
[2022-12-30 12:14:07,818] 49 root - INFO - succefully com3.ak_000
[2022-12-30 12:14:07,895] 49 root - INFO - succefully com3.al_000
[2022-12-30 12:14:07,964] 49 root - INFO - succefully com3.am_0
[2022-12-30 12:14:08,042] 49 root - INFO - succefully com3.an_000
[2022-12-30 12:14:08,115] 49 root - INFO - succefully com3.ao_000
[2022-12-30 12:14:08,189] 49 root - INFO - succefully com3.ap_000
[2022-12-30 12:14:08,258] 49 root - INFO - succefully com3.aq_000
[2022-12-30 12:14:08,332] 49 root - INFO - succefully com3.ar_000
[2022-12-30 12:14:08,398] 49 root - INFO - succefully com3.as_000
[2022-12-30 12:14:08,474] 49 root - INFO - succefully com3.at_000
[2022-12-30 12:14:08,541] 49 root - INFO - succefully com3.au_000
[2022-12-30 12:14:08,615] 49 root - INFO - succefully com3.av_000
[2022-12-30 12:14:08,680] 49 root - INFO - succefully com3.ax_000
[2022-12-30 12:14:08,749] 49 root - INFO - succefully com3.ay_000
[2022-12-30 12:14:08,812] 49 root - INFO - succefully com3.ay_001
[2022-12-30 12:14:08,882] 49 root - INFO - succefully com3.ay_002
[2022-12-30 12:14:08,945] 49 root - INFO - succefully com3.ay_003
[2022-12-30 12:14:09,014] 49 root - INFO - succefully com3.ay_004
[2022-12-30 12:14:09,078] 49 root - INFO - succefully com3.ay_005
[2022-12-30 12:14:09,146] 49 root - INFO - succefully com3.ay_006
[2022-12-30 12:14:09,252] 49 root - INFO - succefully com3.ay_007
[2022-12-30 12:14:09,319] 49 root - INFO - succefully com3.ay_008
[2022-12-30 12:14:09,380] 49 root - INFO - succefully com3.ay_009
[2022-12-30 12:14:09,446] 49 root - INFO - succefully com3.az_000
[2022-12-30 12:14:09,508] 49 root - INFO - succefully com3.az_001
[2022-12-30 12:14:09,573] 49 root - INFO - succefully com3.az_002
[2022-12-30 12:14:09,633] 49 root - INFO - succefully com3.az_003
[2022-12-30 12:14:09,700] 49 root - INFO - succefully com3.az_004
[2022-12-30 12:14:09,761] 49 root - INFO - succefully com3.az_005
[2022-12-30 12:14:09,830] 49 root - INFO - succefully com3.az_006
[2022-12-30 12:14:09,889] 49 root - INFO - succefully com3.az_007
[2022-12-30 12:14:09,951] 49 root - INFO - succefully com3.az_008
[2022-12-30 12:14:10,008] 49 root - INFO - succefully com3.az_009
[2022-12-30 12:14:10,075] 49 root - INFO - succefully com3.ba_000
[2022-12-30 12:14:10,129] 49 root - INFO - succefully com3.ba_001
[2022-12-30 12:14:10,183] 49 root - INFO - succefully com3.ba_002
[2022-12-30 12:14:10,236] 49 root - INFO - succefully com3.ba_003
[2022-12-30 12:14:10,293] 49 root - INFO - succefully com3.ba_004
[2022-12-30 12:14:10,345] 49 root - INFO - succefully com3.ba_005
[2022-12-30 12:14:10,397] 49 root - INFO - succefully com3.ba_006
[2022-12-30 12:14:10,458] 49 root - INFO - succefully com3.ba_007
[2022-12-30 12:14:10,508] 49 root - INFO - succefully com3.ba_008
[2022-12-30 12:14:10,557] 49 root - INFO - succefully com3.ba_009
[2022-12-30 12:14:10,607] 49 root - INFO - succefully com3.bb_000
[2022-12-30 12:14:10,657] 49 root - INFO - succefully com3.bc_000
[2022-12-30 12:14:10,705] 49 root - INFO - succefully com3.bd_000
[2022-12-30 12:14:10,758] 49 root - INFO - succefully com3.be_000
[2022-12-30 12:14:10,806] 49 root - INFO - succefully com3.bf_000
[2022-12-30 12:14:10,853] 49 root - INFO - succefully com3.bg_000
[2022-12-30 12:14:10,900] 49 root - INFO - succefully com3.bh_000
[2022-12-30 12:14:10,952] 49 root - INFO - succefully com3.bi_000
[2022-12-30 12:14:10,999] 49 root - INFO - succefully com3.bj_000
[2022-12-30 12:14:11,045] 49 root - INFO - succefully com3.bk_000
[2022-12-30 12:14:11,090] 49 root - INFO - succefully com3.bl_000
[2022-12-30 12:14:11,138] 49 root - INFO - succefully com3.bm_000
[2022-12-30 12:14:11,189] 49 root - INFO - succefully com3.bs_000
[2022-12-30 12:14:11,233] 49 root - INFO - succefully com3.bt_000
[2022-12-30 12:14:11,276] 49 root - INFO - succefully com3.bu_000
[2022-12-30 12:14:11,324] 49 root - INFO - succefully com3.bv_000
[2022-12-30 12:14:11,365] 49 root - INFO - succefully com3.bx_000
[2022-12-30 12:14:11,405] 49 root - INFO - succefully com3.by_000
[2022-12-30 12:14:11,445] 49 root - INFO - succefully com3.bz_000
[2022-12-30 12:14:11,485] 49 root - INFO - succefully com3.ca_000
[2022-12-30 12:14:11,524] 49 root - INFO - succefully com3.cb_000
[2022-12-30 12:14:11,563] 49 root - INFO - succefully com3.cc_000
[2022-12-30 12:14:11,600] 49 root - INFO - succefully com3.cd_000
[2022-12-30 12:14:11,638] 49 root - INFO - succefully com3.ce_000
[2022-12-30 12:14:11,674] 49 root - INFO - succefully com3.cf_000
[2022-12-30 12:14:11,710] 49 root - INFO - succefully com3.cg_000
[2022-12-30 12:14:11,745] 49 root - INFO - succefully com3.ch_000
[2022-12-30 12:14:11,783] 49 root - INFO - succefully com3.ci_000
[2022-12-30 12:14:11,818] 49 root - INFO - succefully com3.cj_000
[2022-12-30 12:14:11,854] 49 root - INFO - succefully com3.ck_000
[2022-12-30 12:14:11,888] 49 root - INFO - succefully com3.cl_000
[2022-12-30 12:14:11,926] 49 root - INFO - succefully com3.cm_000
[2022-12-30 12:14:11,960] 49 root - INFO - succefully com3.cn_000
[2022-12-30 12:14:11,993] 49 root - INFO - succefully com3.cn_001
[2022-12-30 12:14:12,029] 49 root - INFO - succefully com3.cn_002
[2022-12-30 12:14:12,064] 49 root - INFO - succefully com3.cn_003
[2022-12-30 12:14:12,096] 49 root - INFO - succefully com3.cn_004
[2022-12-30 12:14:12,147] 49 root - INFO - succefully com3.cn_005
[2022-12-30 12:14:12,180] 49 root - INFO - succefully com3.cn_006
[2022-12-30 12:14:12,213] 49 root - INFO - succefully com3.cn_007
[2022-12-30 12:14:12,244] 49 root - INFO - succefully com3.cn_008
[2022-12-30 12:14:12,277] 49 root - INFO - succefully com3.cn_009
[2022-12-30 12:14:12,310] 49 root - INFO - succefully com3.co_000
[2022-12-30 12:14:12,339] 49 root - INFO - succefully com3.cp_000
[2022-12-30 12:14:12,368] 49 root - INFO - succefully com3.cq_000
[2022-12-30 12:14:12,400] 49 root - INFO - succefully com3.cs_000
[2022-12-30 12:14:12,431] 49 root - INFO - succefully com3.cs_001
[2022-12-30 12:14:12,459] 49 root - INFO - succefully com3.cs_002
[2022-12-30 12:14:12,486] 49 root - INFO - succefully com3.cs_003
[2022-12-30 12:14:12,513] 49 root - INFO - succefully com3.cs_004
[2022-12-30 12:14:12,539] 49 root - INFO - succefully com3.cs_005
[2022-12-30 12:14:12,565] 49 root - INFO - succefully com3.cs_006
[2022-12-30 12:14:12,590] 49 root - INFO - succefully com3.cs_007
[2022-12-30 12:14:12,614] 49 root - INFO - succefully com3.cs_008
[2022-12-30 12:14:12,637] 49 root - INFO - succefully com3.cs_009
[2022-12-30 12:14:12,660] 49 root - INFO - succefully com3.ct_000
[2022-12-30 12:14:12,683] 49 root - INFO - succefully com3.cu_000
[2022-12-30 12:14:12,706] 49 root - INFO - succefully com3.cv_000
[2022-12-30 12:14:12,727] 49 root - INFO - succefully com3.cx_000
[2022-12-30 12:14:12,748] 49 root - INFO - succefully com3.cy_000
[2022-12-30 12:14:12,769] 49 root - INFO - succefully com3.cz_000
[2022-12-30 12:14:12,789] 49 root - INFO - succefully com3.da_000
[2022-12-30 12:14:12,809] 49 root - INFO - succefully com3.db_000
[2022-12-30 12:14:12,830] 49 root - INFO - succefully com3.dc_000
[2022-12-30 12:14:12,853] 49 root - INFO - succefully com3.dd_000
[2022-12-30 12:14:12,874] 49 root - INFO - succefully com3.de_000
[2022-12-30 12:14:12,895] 49 root - INFO - succefully com3.df_000
[2022-12-30 12:14:12,915] 49 root - INFO - succefully com3.dg_000
[2022-12-30 12:14:12,933] 49 root - INFO - succefully com3.dh_000
[2022-12-30 12:14:12,952] 49 root - INFO - succefully com3.di_000
[2022-12-30 12:14:12,971] 49 root - INFO - succefully com3.dj_000
[2022-12-30 12:14:12,988] 49 root - INFO - succefully com3.dk_000
[2022-12-30 12:14:13,005] 49 root - INFO - succefully com3.dl_000
[2022-12-30 12:14:13,021] 49 root - INFO - succefully com3.dm_000
[2022-12-30 12:14:13,038] 49 root - INFO - succefully com3.dn_000
[2022-12-30 12:14:13,055] 49 root - INFO - succefully com3.do_000
[2022-12-30 12:14:13,071] 49 root - INFO - succefully com3.dp_000
[2022-12-30 12:14:13,086] 49 root - INFO - succefully com3.dq_000
[2022-12-30 12:14:13,100] 49 root - INFO - succefully com3.dr_000
[2022-12-30 12:14:13,115] 49 root - INFO - succefully com3.ds_000
[2022-12-30 12:14:13,130] 49 root - INFO - succefully com3.dt_000
[2022-12-30 12:14:13,145] 49 root - INFO - succefully com3.du_000
[2022-12-30 12:14:13,159] 49 root - INFO - succefully com3.dv_000
[2022-12-30 12:14:13,172] 49 root - INFO - succefully com3.dx_000
[2022-12-30 12:14:13,184] 49 root - INFO - succefully com3.dy_000
[2022-12-30 12:14:13,196] 49 root - INFO - succefully com3.dz_000
[2022-12-30 12:14:13,207] 49 root - INFO - succefully com3.ea_000
[2022-12-30 12:14:13,219] 49 root - INFO - succefully com3.eb_000
[2022-12-30 12:14:13,231] 49 root - INFO - succefully com3.ec_00
[2022-12-30 12:14:13,242] 49 root - INFO - succefully com3.ed_000
[2022-12-30 12:14:13,253] 49 root - INFO - succefully com3.ee_000
[2022-12-30 12:14:13,264] 49 root - INFO - succefully com3.ee_001
[2022-12-30 12:14:13,274] 49 root - INFO - succefully com3.ee_002
[2022-12-30 12:14:13,288] 49 root - INFO - succefully com3.ee_003
[2022-12-30 12:14:13,297] 49 root - INFO - succefully com3.ee_004
[2022-12-30 12:14:13,306] 49 root - INFO - succefully com3.ee_005
[2022-12-30 12:14:13,315] 49 root - INFO - succefully com3.ee_006
[2022-12-30 12:14:13,322] 49 root - INFO - succefully com3.ee_007
[2022-12-30 12:14:13,329] 49 root - INFO - succefully com3.ee_008
[2022-12-30 12:14:13,340] 49 root - INFO - succefully com3.ee_009
[2022-12-30 12:14:13,346] 49 root - INFO - succefully com3.ef_000
[2022-12-30 12:14:13,351] 49 root - INFO - succefully com3.eg_000
[2022-12-30 12:14:13,352] 49 root - INFO - succefully com3.aa_000
[2022-12-30 12:14:13,364] 49 root - INFO - succefully com3.ac_000
[2022-12-30 12:14:13,372] 49 root - INFO - succefully com3.ad_000
[2022-12-30 12:14:13,377] 49 root - INFO - succefully com3.ae_000
[2022-12-30 12:14:13,385] 49 root - INFO - succefully com3.af_000
[2022-12-30 12:14:13,389] 49 root - INFO - succefully com3.ag_000
[2022-12-30 12:14:13,398] 49 root - INFO - succefully com3.ag_001
[2022-12-30 12:14:13,402] 49 root - INFO - succefully com3.ag_002
[2022-12-30 12:14:13,410] 49 root - INFO - succefully com3.ag_003
[2022-12-30 12:14:13,414] 49 root - INFO - succefully com3.ag_004
[2022-12-30 12:14:13,422] 49 root - INFO - succefully com3.ag_005
[2022-12-30 12:14:13,426] 49 root - INFO - succefully com3.ag_006
[2022-12-30 12:14:13,433] 49 root - INFO - succefully com3.ag_007
[2022-12-30 12:14:13,437] 49 root - INFO - succefully com3.ag_008
[2022-12-30 12:14:13,445] 49 root - INFO - succefully com3.ag_009
[2022-12-30 12:14:13,449] 49 root - INFO - succefully com3.ah_000
[2022-12-30 12:14:13,457] 49 root - INFO - succefully com3.ai_000
[2022-12-30 12:14:13,461] 49 root - INFO - succefully com3.aj_000
[2022-12-30 12:14:13,469] 49 root - INFO - succefully com3.ak_000
[2022-12-30 12:14:13,473] 49 root - INFO - succefully com3.al_000
[2022-12-30 12:14:13,483] 49 root - INFO - succefully com3.am_0
[2022-12-30 12:14:13,486] 49 root - INFO - succefully com3.an_000
[2022-12-30 12:14:13,490] 49 root - INFO - succefully com3.ao_000
[2022-12-30 12:14:13,493] 49 root - INFO - succefully com3.ap_000
[2022-12-30 12:14:13,497] 49 root - INFO - succefully com3.aq_000
[2022-12-30 12:14:13,500] 49 root - INFO - succefully com3.ar_000
[2022-12-30 12:14:13,504] 49 root - INFO - succefully com3.as_000
[2022-12-30 12:14:13,507] 49 root - INFO - succefully com3.at_000
[2022-12-30 12:14:13,511] 49 root - INFO - succefully com3.au_000
[2022-12-30 12:14:13,514] 49 root - INFO - succefully com3.av_000
[2022-12-30 12:14:13,518] 49 root - INFO - succefully com3.ax_000
[2022-12-30 12:14:13,521] 49 root - INFO - succefully com3.ay_000
[2022-12-30 12:14:13,525] 49 root - INFO - succefully com3.ay_001
[2022-12-30 12:14:13,528] 49 root - INFO - succefully com3.ay_002
[2022-12-30 12:14:13,531] 49 root - INFO - succefully com3.ay_003
[2022-12-30 12:14:13,535] 49 root - INFO - succefully com3.ay_004
[2022-12-30 12:14:13,538] 49 root - INFO - succefully com3.ay_005
[2022-12-30 12:14:13,541] 49 root - INFO - succefully com3.ay_006
[2022-12-30 12:14:13,545] 49 root - INFO - succefully com3.ay_007
[2022-12-30 12:14:13,548] 49 root - INFO - succefully com3.ay_008
[2022-12-30 12:14:13,557] 49 root - INFO - succefully com3.ay_009
[2022-12-30 12:14:13,566] 49 root - INFO - succefully com3.az_000
[2022-12-30 12:14:13,569] 49 root - INFO - succefully com3.az_001
[2022-12-30 12:14:13,572] 49 root - INFO - succefully com3.az_002
[2022-12-30 12:14:13,575] 49 root - INFO - succefully com3.az_003
[2022-12-30 12:14:13,578] 49 root - INFO - succefully com3.az_004
[2022-12-30 12:14:13,581] 49 root - INFO - succefully com3.az_005
[2022-12-30 12:14:13,587] 49 root - INFO - succefully com3.az_006
[2022-12-30 12:14:13,590] 49 root - INFO - succefully com3.az_007
[2022-12-30 12:14:13,593] 49 root - INFO - succefully com3.az_008
[2022-12-30 12:14:13,596] 49 root - INFO - succefully com3.az_009
[2022-12-30 12:14:13,599] 49 root - INFO - succefully com3.ba_000
[2022-12-30 12:14:13,602] 49 root - INFO - succefully com3.ba_001
[2022-12-30 12:14:13,605] 49 root - INFO - succefully com3.ba_002
[2022-12-30 12:14:13,608] 49 root - INFO - succefully com3.ba_003
[2022-12-30 12:14:13,611] 49 root - INFO - succefully com3.ba_004
[2022-12-30 12:14:13,614] 49 root - INFO - succefully com3.ba_005
[2022-12-30 12:14:13,617] 49 root - INFO - succefully com3.ba_006
[2022-12-30 12:14:13,620] 49 root - INFO - succefully com3.ba_007
[2022-12-30 12:14:13,623] 49 root - INFO - succefully com3.ba_008
[2022-12-30 12:14:13,625] 49 root - INFO - succefully com3.ba_009
[2022-12-30 12:14:13,628] 49 root - INFO - succefully com3.bb_000
[2022-12-30 12:14:13,631] 49 root - INFO - succefully com3.bc_000
[2022-12-30 12:14:13,634] 49 root - INFO - succefully com3.bd_000
[2022-12-30 12:14:13,637] 49 root - INFO - succefully com3.be_000
[2022-12-30 12:14:13,640] 49 root - INFO - succefully com3.bf_000
[2022-12-30 12:14:13,643] 49 root - INFO - succefully com3.bg_000
[2022-12-30 12:14:13,645] 49 root - INFO - succefully com3.bh_000
[2022-12-30 12:14:13,648] 49 root - INFO - succefully com3.bi_000
[2022-12-30 12:14:13,651] 49 root - INFO - succefully com3.bj_000
[2022-12-30 12:14:13,653] 49 root - INFO - succefully com3.bk_000
[2022-12-30 12:14:13,656] 49 root - INFO - succefully com3.bl_000
[2022-12-30 12:14:13,659] 49 root - INFO - succefully com3.bm_000
[2022-12-30 12:14:13,661] 49 root - INFO - succefully com3.bs_000
[2022-12-30 12:14:13,664] 49 root - INFO - succefully com3.bt_000
[2022-12-30 12:14:13,666] 49 root - INFO - succefully com3.bu_000
[2022-12-30 12:14:13,669] 49 root - INFO - succefully com3.bv_000
[2022-12-30 12:14:13,672] 49 root - INFO - succefully com3.bx_000
[2022-12-30 12:14:13,675] 49 root - INFO - succefully com3.by_000
[2022-12-30 12:14:13,677] 49 root - INFO - succefully com3.bz_000
[2022-12-30 12:14:13,680] 49 root - INFO - succefully com3.ca_000
[2022-12-30 12:14:13,682] 49 root - INFO - succefully com3.cb_000
[2022-12-30 12:14:13,684] 49 root - INFO - succefully com3.cc_000
[2022-12-30 12:14:13,687] 49 root - INFO - succefully com3.cd_000
[2022-12-30 12:14:13,689] 49 root - INFO - succefully com3.ce_000
[2022-12-30 12:14:13,691] 49 root - INFO - succefully com3.cf_000
[2022-12-30 12:14:13,694] 49 root - INFO - succefully com3.cg_000
[2022-12-30 12:14:13,696] 49 root - INFO - succefully com3.ch_000
[2022-12-30 12:14:13,698] 49 root - INFO - succefully com3.ci_000
[2022-12-30 12:14:13,701] 49 root - INFO - succefully com3.cj_000
[2022-12-30 12:14:13,703] 49 root - INFO - succefully com3.ck_000
[2022-12-30 12:14:13,705] 49 root - INFO - succefully com3.cl_000
[2022-12-30 12:14:13,708] 49 root - INFO - succefully com3.cm_000
[2022-12-30 12:14:13,710] 49 root - INFO - succefully com3.cn_000
[2022-12-30 12:14:13,712] 49 root - INFO - succefully com3.cn_001
[2022-12-30 12:14:13,715] 49 root - INFO - succefully com3.cn_002
[2022-12-30 12:14:13,717] 49 root - INFO - succefully com3.cn_003
[2022-12-30 12:14:13,719] 49 root - INFO - succefully com3.cn_004
[2022-12-30 12:14:13,721] 49 root - INFO - succefully com3.cn_005
[2022-12-30 12:14:13,723] 49 root - INFO - succefully com3.cn_006
[2022-12-30 12:14:13,725] 49 root - INFO - succefully com3.cn_007
[2022-12-30 12:14:13,727] 49 root - INFO - succefully com3.cn_008
[2022-12-30 12:14:13,729] 49 root - INFO - succefully com3.cn_009
[2022-12-30 12:14:13,731] 49 root - INFO - succefully com3.co_000
[2022-12-30 12:14:13,733] 49 root - INFO - succefully com3.cp_000
[2022-12-30 12:14:13,735] 49 root - INFO - succefully com3.cq_000
[2022-12-30 12:14:13,737] 49 root - INFO - succefully com3.cs_000
[2022-12-30 12:14:13,739] 49 root - INFO - succefully com3.cs_001
[2022-12-30 12:14:13,741] 49 root - INFO - succefully com3.cs_002
[2022-12-30 12:14:13,743] 49 root - INFO - succefully com3.cs_003
[2022-12-30 12:14:13,745] 49 root - INFO - succefully com3.cs_004
[2022-12-30 12:14:13,746] 49 root - INFO - succefully com3.cs_005
[2022-12-30 12:14:13,749] 49 root - INFO - succefully com3.cs_006
[2022-12-30 12:14:13,751] 49 root - INFO - succefully com3.cs_007
[2022-12-30 12:14:13,753] 49 root - INFO - succefully com3.cs_008
[2022-12-30 12:14:13,755] 49 root - INFO - succefully com3.cs_009
[2022-12-30 12:14:13,756] 49 root - INFO - succefully com3.ct_000
[2022-12-30 12:14:13,760] 49 root - INFO - succefully com3.cu_000
[2022-12-30 12:14:13,762] 49 root - INFO - succefully com3.cv_000
[2022-12-30 12:14:13,763] 49 root - INFO - succefully com3.cx_000
[2022-12-30 12:14:13,765] 49 root - INFO - succefully com3.cy_000
[2022-12-30 12:14:13,767] 49 root - INFO - succefully com3.cz_000
[2022-12-30 12:14:13,768] 49 root - INFO - succefully com3.da_000
[2022-12-30 12:14:13,770] 49 root - INFO - succefully com3.db_000
[2022-12-30 12:14:13,772] 49 root - INFO - succefully com3.dc_000
[2022-12-30 12:14:13,773] 49 root - INFO - succefully com3.dd_000
[2022-12-30 12:14:13,775] 49 root - INFO - succefully com3.de_000
[2022-12-30 12:14:13,776] 49 root - INFO - succefully com3.df_000
[2022-12-30 12:14:13,777] 49 root - INFO - succefully com3.dg_000
[2022-12-30 12:14:13,779] 49 root - INFO - succefully com3.dh_000
[2022-12-30 12:14:13,781] 49 root - INFO - succefully com3.di_000
[2022-12-30 12:14:13,782] 49 root - INFO - succefully com3.dj_000
[2022-12-30 12:14:13,783] 49 root - INFO - succefully com3.dk_000
[2022-12-30 12:14:13,784] 49 root - INFO - succefully com3.dl_000
[2022-12-30 12:14:13,786] 49 root - INFO - succefully com3.dm_000
[2022-12-30 12:14:13,787] 49 root - INFO - succefully com3.dn_000
[2022-12-30 12:14:13,789] 49 root - INFO - succefully com3.do_000
[2022-12-30 12:14:13,791] 49 root - INFO - succefully com3.dp_000
[2022-12-30 12:14:13,792] 49 root - INFO - succefully com3.dq_000
[2022-12-30 12:14:13,793] 49 root - INFO - succefully com3.dr_000
[2022-12-30 12:14:13,795] 49 root - INFO - succefully com3.ds_000
[2022-12-30 12:14:13,796] 49 root - INFO - succefully com3.dt_000
[2022-12-30 12:14:13,797] 49 root - INFO - succefully com3.du_000
[2022-12-30 12:14:13,798] 49 root - INFO - succefully com3.dv_000
[2022-12-30 12:14:13,799] 49 root - INFO - succefully com3.dx_000
[2022-12-30 12:14:13,800] 49 root - INFO - succefully com3.dy_000
[2022-12-30 12:14:13,801] 49 root - INFO - succefully com3.dz_000
[2022-12-30 12:14:13,802] 49 root - INFO - succefully com3.ea_000
[2022-12-30 12:14:13,803] 49 root - INFO - succefully com3.eb_000
[2022-12-30 12:14:13,804] 49 root - INFO - succefully com3.ec_00
[2022-12-30 12:14:13,805] 49 root - INFO - succefully com3.ed_000
[2022-12-30 12:14:13,806] 49 root - INFO - succefully com3.ee_000
[2022-12-30 12:14:13,807] 49 root - INFO - succefully com3.ee_001
[2022-12-30 12:14:13,807] 49 root - INFO - succefully com3.ee_002
[2022-12-30 12:14:13,808] 49 root - INFO - succefully com3.ee_003
[2022-12-30 12:14:13,809] 49 root - INFO - succefully com3.ee_004
[2022-12-30 12:14:13,809] 49 root - INFO - succefully com3.ee_005
[2022-12-30 12:14:13,810] 49 root - INFO - succefully com3.ee_006
[2022-12-30 12:14:13,811] 49 root - INFO - succefully com3.ee_007
[2022-12-30 12:14:13,811] 49 root - INFO - succefully com3.ee_008
[2022-12-30 12:14:13,812] 49 root - INFO - succefully com3.ee_009
[2022-12-30 12:14:13,812] 49 root - INFO - succefully com3.ef_000
[2022-12-30 12:14:13,813] 49 root - INFO - succefully com3.eg_000
[2022-12-30 12:14:13,814] 49 root - INFO - succefully com3.aa_000
[2022-12-30 12:14:13,820] 49 root - INFO - succefully com3.ac_000
[2022-12-30 12:14:13,821] 49 root - INFO - succefully com3.ad_000
[2022-12-30 12:14:13,823] 49 root - INFO - succefully com3.ae_000
[2022-12-30 12:14:13,825] 49 root - INFO - succefully com3.af_000
[2022-12-30 12:14:13,826] 49 root - INFO - succefully com3.ag_000
[2022-12-30 12:14:13,828] 49 root - INFO - succefully com3.ag_001
[2022-12-30 12:14:13,829] 49 root - INFO - succefully com3.ag_002
[2022-12-30 12:14:13,831] 49 root - INFO - succefully com3.ag_003
[2022-12-30 12:14:13,832] 49 root - INFO - succefully com3.ag_004
[2022-12-30 12:14:13,834] 49 root - INFO - succefully com3.ag_005
[2022-12-30 12:14:13,835] 49 root - INFO - succefully com3.ag_006
[2022-12-30 12:14:13,836] 49 root - INFO - succefully com3.ag_007
[2022-12-30 12:14:13,838] 49 root - INFO - succefully com3.ag_008
[2022-12-30 12:14:13,840] 49 root - INFO - succefully com3.ag_009
[2022-12-30 12:14:13,841] 49 root - INFO - succefully com3.ah_000
[2022-12-30 12:14:13,843] 49 root - INFO - succefully com3.ai_000
[2022-12-30 12:14:13,844] 49 root - INFO - succefully com3.aj_000
[2022-12-30 12:14:13,846] 49 root - INFO - succefully com3.ak_000
[2022-12-30 12:14:13,848] 49 root - INFO - succefully com3.al_000
[2022-12-30 12:14:13,849] 49 root - INFO - succefully com3.am_0
[2022-12-30 12:14:13,850] 49 root - INFO - succefully com3.an_000
[2022-12-30 12:14:13,852] 49 root - INFO - succefully com3.ao_000
[2022-12-30 12:14:13,853] 49 root - INFO - succefully com3.ap_000
[2022-12-30 12:14:13,854] 49 root - INFO - succefully com3.aq_000
[2022-12-30 12:14:13,855] 49 root - INFO - succefully com3.ar_000
[2022-12-30 12:14:13,857] 49 root - INFO - succefully com3.as_000
[2022-12-30 12:14:13,858] 49 root - INFO - succefully com3.at_000
[2022-12-30 12:14:13,860] 49 root - INFO - succefully com3.au_000
[2022-12-30 12:14:13,861] 49 root - INFO - succefully com3.av_000
[2022-12-30 12:14:13,862] 49 root - INFO - succefully com3.ax_000
[2022-12-30 12:14:13,863] 49 root - INFO - succefully com3.ay_000
[2022-12-30 12:14:13,864] 49 root - INFO - succefully com3.ay_001
[2022-12-30 12:14:13,866] 49 root - INFO - succefully com3.ay_002
[2022-12-30 12:14:13,867] 49 root - INFO - succefully com3.ay_003
[2022-12-30 12:14:13,868] 49 root - INFO - succefully com3.ay_004
[2022-12-30 12:14:13,869] 49 root - INFO - succefully com3.ay_005
[2022-12-30 12:14:13,871] 49 root - INFO - succefully com3.ay_006
[2022-12-30 12:14:13,872] 49 root - INFO - succefully com3.ay_007
[2022-12-30 12:14:13,873] 49 root - INFO - succefully com3.ay_008
[2022-12-30 12:14:13,874] 49 root - INFO - succefully com3.ay_009
[2022-12-30 12:14:13,876] 49 root - INFO - succefully com3.az_000
[2022-12-30 12:14:13,877] 49 root - INFO - succefully com3.az_001
[2022-12-30 12:14:13,878] 49 root - INFO - succefully com3.az_002
[2022-12-30 12:14:13,880] 49 root - INFO - succefully com3.az_003
[2022-12-30 12:14:13,881] 49 root - INFO - succefully com3.az_004
[2022-12-30 12:14:13,882] 49 root - INFO - succefully com3.az_005
[2022-12-30 12:14:13,883] 49 root - INFO - succefully com3.az_006
[2022-12-30 12:14:13,884] 49 root - INFO - succefully com3.az_007
[2022-12-30 12:14:13,885] 49 root - INFO - succefully com3.az_008
[2022-12-30 12:14:13,887] 49 root - INFO - succefully com3.az_009
[2022-12-30 12:14:13,888] 49 root - INFO - succefully com3.ba_000
[2022-12-30 12:14:13,889] 49 root - INFO - succefully com3.ba_001
[2022-12-30 12:14:13,890] 49 root - INFO - succefully com3.ba_002
[2022-12-30 12:14:13,891] 49 root - INFO - succefully com3.ba_003
[2022-12-30 12:14:13,893] 49 root - INFO - succefully com3.ba_004
[2022-12-30 12:14:13,893] 49 root - INFO - succefully com3.ba_005
[2022-12-30 12:14:13,895] 49 root - INFO - succefully com3.ba_006
[2022-12-30 12:14:13,896] 49 root - INFO - succefully com3.ba_007
[2022-12-30 12:14:13,897] 49 root - INFO - succefully com3.ba_008
[2022-12-30 12:14:13,899] 49 root - INFO - succefully com3.ba_009
[2022-12-30 12:14:13,900] 49 root - INFO - succefully com3.bb_000
[2022-12-30 12:14:13,901] 49 root - INFO - succefully com3.bc_000
[2022-12-30 12:14:13,901] 49 root - INFO - succefully com3.bd_000
[2022-12-30 12:14:13,903] 49 root - INFO - succefully com3.be_000
[2022-12-30 12:14:13,904] 49 root - INFO - succefully com3.bf_000
[2022-12-30 12:14:13,905] 49 root - INFO - succefully com3.bg_000
[2022-12-30 12:14:13,907] 49 root - INFO - succefully com3.bh_000
[2022-12-30 12:14:13,908] 49 root - INFO - succefully com3.bi_000
[2022-12-30 12:14:13,908] 49 root - INFO - succefully com3.bj_000
[2022-12-30 12:14:13,910] 49 root - INFO - succefully com3.bk_000
[2022-12-30 12:14:13,911] 49 root - INFO - succefully com3.bl_000
[2022-12-30 12:14:13,913] 49 root - INFO - succefully com3.bm_000
[2022-12-30 12:14:13,914] 49 root - INFO - succefully com3.bs_000
[2022-12-30 12:14:13,915] 49 root - INFO - succefully com3.bt_000
[2022-12-30 12:14:13,916] 49 root - INFO - succefully com3.bu_000
[2022-12-30 12:14:13,916] 49 root - INFO - succefully com3.bv_000
[2022-12-30 12:14:13,918] 49 root - INFO - succefully com3.bx_000
[2022-12-30 12:14:13,919] 49 root - INFO - succefully com3.by_000
[2022-12-30 12:14:13,920] 49 root - INFO - succefully com3.bz_000
[2022-12-30 12:14:13,921] 49 root - INFO - succefully com3.ca_000
[2022-12-30 12:14:13,922] 49 root - INFO - succefully com3.cb_000
[2022-12-30 12:14:13,924] 49 root - INFO - succefully com3.cc_000
[2022-12-30 12:14:13,924] 49 root - INFO - succefully com3.cd_000
[2022-12-30 12:14:13,925] 49 root - INFO - succefully com3.ce_000
[2022-12-30 12:14:13,926] 49 root - INFO - succefully com3.cf_000
[2022-12-30 12:14:13,928] 49 root - INFO - succefully com3.cg_000
[2022-12-30 12:14:13,928] 49 root - INFO - succefully com3.ch_000
[2022-12-30 12:14:13,930] 49 root - INFO - succefully com3.ci_000
[2022-12-30 12:14:13,931] 49 root - INFO - succefully com3.cj_000
[2022-12-30 12:14:13,931] 49 root - INFO - succefully com3.ck_000
[2022-12-30 12:14:13,932] 49 root - INFO - succefully com3.cl_000
[2022-12-30 12:14:13,933] 49 root - INFO - succefully com3.cm_000
[2022-12-30 12:14:13,934] 49 root - INFO - succefully com3.cn_000
[2022-12-30 12:14:13,935] 49 root - INFO - succefully com3.cn_001
[2022-12-30 12:14:13,936] 49 root - INFO - succefully com3.cn_002
[2022-12-30 12:14:13,937] 49 root - INFO - succefully com3.cn_003
[2022-12-30 12:14:13,938] 49 root - INFO - succefully com3.cn_004
[2022-12-30 12:14:13,939] 49 root - INFO - succefully com3.cn_005
[2022-12-30 12:14:13,939] 49 root - INFO - succefully com3.cn_006
[2022-12-30 12:14:13,940] 49 root - INFO - succefully com3.cn_007
[2022-12-30 12:14:13,941] 49 root - INFO - succefully com3.cn_008
[2022-12-30 12:14:13,942] 49 root - INFO - succefully com3.cn_009
[2022-12-30 12:14:13,943] 49 root - INFO - succefully com3.co_000
[2022-12-30 12:14:13,943] 49 root - INFO - succefully com3.cp_000
[2022-12-30 12:14:13,944] 49 root - INFO - succefully com3.cq_000
[2022-12-30 12:14:13,945] 49 root - INFO - succefully com3.cs_000
[2022-12-30 12:14:13,946] 49 root - INFO - succefully com3.cs_001
[2022-12-30 12:14:13,947] 49 root - INFO - succefully com3.cs_002
[2022-12-30 12:14:13,947] 49 root - INFO - succefully com3.cs_003
[2022-12-30 12:14:13,949] 49 root - INFO - succefully com3.cs_004
[2022-12-30 12:14:13,949] 49 root - INFO - succefully com3.cs_005
[2022-12-30 12:14:13,950] 49 root - INFO - succefully com3.cs_006
[2022-12-30 12:14:13,951] 49 root - INFO - succefully com3.cs_007
[2022-12-30 12:14:13,952] 49 root - INFO - succefully com3.cs_008
[2022-12-30 12:14:13,953] 49 root - INFO - succefully com3.cs_009
[2022-12-30 12:14:13,954] 49 root - INFO - succefully com3.ct_000
[2022-12-30 12:14:13,954] 49 root - INFO - succefully com3.cu_000
[2022-12-30 12:14:13,955] 49 root - INFO - succefully com3.cv_000
[2022-12-30 12:14:13,956] 49 root - INFO - succefully com3.cx_000
[2022-12-30 12:14:13,957] 49 root - INFO - succefully com3.cy_000
[2022-12-30 12:14:13,957] 49 root - INFO - succefully com3.cz_000
[2022-12-30 12:14:13,958] 49 root - INFO - succefully com3.da_000
[2022-12-30 12:14:13,959] 49 root - INFO - succefully com3.db_000
[2022-12-30 12:14:13,959] 49 root - INFO - succefully com3.dc_000
[2022-12-30 12:14:13,960] 49 root - INFO - succefully com3.dd_000
[2022-12-30 12:14:13,961] 49 root - INFO - succefully com3.de_000
[2022-12-30 12:14:13,961] 49 root - INFO - succefully com3.df_000
[2022-12-30 12:14:13,962] 49 root - INFO - succefully com3.dg_000
[2022-12-30 12:14:13,963] 49 root - INFO - succefully com3.dh_000
[2022-12-30 12:14:13,963] 49 root - INFO - succefully com3.di_000
[2022-12-30 12:14:13,964] 49 root - INFO - succefully com3.dj_000
[2022-12-30 12:14:13,964] 49 root - INFO - succefully com3.dk_000
[2022-12-30 12:14:13,965] 49 root - INFO - succefully com3.dl_000
[2022-12-30 12:14:13,966] 49 root - INFO - succefully com3.dm_000
[2022-12-30 12:14:13,967] 49 root - INFO - succefully com3.dn_000
[2022-12-30 12:14:13,968] 49 root - INFO - succefully com3.do_000
[2022-12-30 12:14:13,968] 49 root - INFO - succefully com3.dp_000
[2022-12-30 12:14:13,969] 49 root - INFO - succefully com3.dq_000
[2022-12-30 12:14:13,970] 49 root - INFO - succefully com3.dr_000
[2022-12-30 12:14:13,971] 49 root - INFO - succefully com3.ds_000
[2022-12-30 12:14:13,971] 49 root - INFO - succefully com3.dt_000
[2022-12-30 12:14:13,972] 49 root - INFO - succefully com3.du_000
[2022-12-30 12:14:13,972] 49 root - INFO - succefully com3.dv_000
[2022-12-30 12:14:13,973] 49 root - INFO - succefully com3.dx_000
[2022-12-30 12:14:13,973] 49 root - INFO - succefully com3.dy_000
[2022-12-30 12:14:13,974] 49 root - INFO - succefully com3.dz_000
[2022-12-30 12:14:13,975] 49 root - INFO - succefully com3.ea_000
[2022-12-30 12:14:13,975] 49 root - INFO - succefully com3.eb_000
[2022-12-30 12:14:13,976] 49 root - INFO - succefully com3.ec_00
[2022-12-30 12:14:13,977] 49 root - INFO - succefully com3.ed_000
[2022-12-30 12:14:13,977] 49 root - INFO - succefully com3.ee_000
[2022-12-30 12:14:13,978] 49 root - INFO - succefully com3.ee_001
[2022-12-30 12:14:13,978] 49 root - INFO - succefully com3.ee_002
[2022-12-30 12:14:13,979] 49 root - INFO - succefully com3.ee_003
[2022-12-30 12:14:13,979] 49 root - INFO - succefully com3.ee_004
[2022-12-30 12:14:13,980] 49 root - INFO - succefully com3.ee_005
[2022-12-30 12:14:13,980] 49 root - INFO - succefully com3.ee_006
[2022-12-30 12:14:13,980] 49 root - INFO - succefully com3.ee_007
[2022-12-30 12:14:13,981] 49 root - INFO - succefully com3.ee_008
[2022-12-30 12:14:13,982] 49 root - INFO - succefully com3.ee_009
[2022-12-30 12:14:13,982] 49 root - INFO - succefully com3.ef_000
[2022-12-30 12:14:13,983] 49 root - INFO - succefully com3.eg_000
[2022-12-30 12:14:13,983] 146 root - INFO - Is all required columns present in train df
[2022-12-30 12:14:13,983] 68 root - INFO - is_required_columns_exists or not.
[2022-12-30 12:14:13,984] 76 root - INFO - missing_columns are:[]
[2022-12-30 12:14:13,984] 148 root - INFO - Is all required columns present in test df
[2022-12-30 12:14:13,984] 68 root - INFO - is_required_columns_exists or not.
[2022-12-30 12:14:13,984] 76 root - INFO - missing_columns are:[]
[2022-12-30 12:14:13,984] 152 root - INFO - As all columns available in train df hence detecting data drift
[2022-12-30 12:14:13,984] 95 root - INFO - Hypothesis class: object, object
