[2022-12-30 12:17:32,946] 16 root - INFO - >>>>>>>>>>>>>>>>>>>>>>>>>>>>>>>>>>>>>>>> Data Ingestion <<<<<<<<<<<<<<<<<<<<<<<<<<<<<<<<<<<<<<<<
[2022-12-30 12:17:32,946] 24 root - INFO - Exporting collection data as pandas dataframe
[2022-12-30 12:17:32,946] 20 root - INFO - Read data from database:aps and collection: sensor
[2022-12-30 12:17:36,625] 22 root - INFO - Found columns: Index(['_id', 'class', 'aa_000', 'ab_000', 'ac_000', 'ad_000', 'ae_000',
       'af_000', 'ag_000', 'ag_001',
       ...
       'ee_002', 'ee_003', 'ee_004', 'ee_005', 'ee_006', 'ee_007', 'ee_008',
       'ee_009', 'ef_000', 'eg_000'],
      dtype='object', length=172)
[2022-12-30 12:17:36,626] 24 root - INFO - Dropping column: _id
[2022-12-30 12:17:36,833] 26 root - INFO - Row and Columns in df: (36188, 171)
[2022-12-30 12:17:36,833] 31 root - INFO - replace na with Nan
[2022-12-30 12:17:37,415] 36 root - INFO - Create feature store folder if not available
[2022-12-30 12:17:37,416] 41 root - INFO - save df to feature store folder
[2022-12-30 12:17:39,868] 46 root - INFO - split dataset into train and test set.
[2022-12-30 12:17:40,368] 50 root - INFO - create dataset directory folder if not avaiable
[2022-12-30 12:17:40,369] 55 root - INFO - save df to feature store folder
[2022-12-30 12:17:42,588] 66 root - INFO - Data ingestion artifact:DataIngestionArtifact(feature_store_file_path='/config/workspace/artifact/12-30-22__12:17:32/data_ingestion/feature_store/sensor.csv', train_file_path='/config/workspace/artifact/12-30-22__12:17:32/data_ingestion/dataset/train.csv', test_file_path='/config/workspace/artifact/12-30-22__12:17:32/data_ingestion/dataset/test.csv')
[2022-12-30 12:17:42,589] 67 root - INFO - >>>>>>>>>>>>>>>>>>>>>>>>>>>>>>>>>>>>>>>> Data Ingestion is completed. <<<<<<<<<<<<<<<<<<<<<<<<<<<<<<<<<<<<<<<<
[2022-12-30 12:17:43,035] 20 root - INFO - >>>>>>>>>>>>>>>>>>>>>>>>>>>>>>>>>>>>>>>> Data Validation <<<<<<<<<<<<<<<<<<<<<<<<<<<<<<<<<<<<<<<< 
[2022-12-30 12:17:43,036] 119 root - INFO - reading base dataframe
[2022-12-30 12:17:45,961] 122 root - INFO - Replace na value in base df
[2022-12-30 12:17:45,961] 124 root - INFO - Drop null values columns from base df
[2022-12-30 12:17:45,961] 44 root - INFO - droping_missing_values_columns in the dataframe df.
[2022-12-30 12:17:46,912] 48 root - INFO - selecting columns names which contains null above to 0.7
[2022-12-30 12:17:46,913] 52 root - INFO - droped columns are: ['ab_000', 'bn_000', 'bo_000', 'bp_000', 'bq_000', 'br_000', 'cr_000']
[2022-12-30 12:17:46,999] 126 root - INFO - replacing na with np.nan and droping missing values columns
[2022-12-30 12:17:46,999] 128 root - INFO - Reading train dataframe
[2022-12-30 12:17:47,404] 130 root - INFO - Reading test dataframe
[2022-12-30 12:17:47,505] 133 root - INFO - Drop null values columns from train df
[2022-12-30 12:17:47,505] 44 root - INFO - droping_missing_values_columns in the dataframe df.
[2022-12-30 12:17:47,516] 48 root - INFO - selecting columns names which contains null above to 0.7
[2022-12-30 12:17:47,517] 52 root - INFO - droped columns are: ['ab_000', 'bn_000', 'bo_000', 'bp_000', 'bq_000', 'br_000', 'cr_000']
[2022-12-30 12:17:47,527] 135 root - INFO - Drop null values columns from test df
[2022-12-30 12:17:47,527] 44 root - INFO - droping_missing_values_columns in the dataframe df.
[2022-12-30 12:17:47,531] 48 root - INFO - selecting columns names which contains null above to 0.7
[2022-12-30 12:17:47,532] 52 root - INFO - droped columns are: ['ab_000', 'bn_000', 'bo_000', 'bp_000', 'bq_000', 'br_000', 'cr_000']
[2022-12-30 12:17:47,537] 49 root - INFO - succefully com3.aa_000
[2022-12-30 12:17:47,663] 49 root - INFO - succefully com3.ac_000
[2022-12-30 12:17:47,740] 49 root - INFO - succefully com3.ad_000
[2022-12-30 12:17:47,824] 49 root - INFO - succefully com3.ae_000
[2022-12-30 12:17:47,904] 49 root - INFO - succefully com3.af_000
[2022-12-30 12:17:47,989] 49 root - INFO - succefully com3.ag_000
[2022-12-30 12:17:48,067] 49 root - INFO - succefully com3.ag_001
[2022-12-30 12:17:48,152] 49 root - INFO - succefully com3.ag_002
[2022-12-30 12:17:48,233] 49 root - INFO - succefully com3.ag_003
[2022-12-30 12:17:48,317] 49 root - INFO - succefully com3.ag_004
[2022-12-30 12:17:48,396] 49 root - INFO - succefully com3.ag_005
[2022-12-30 12:17:48,481] 49 root - INFO - succefully com3.ag_006
[2022-12-30 12:17:48,554] 49 root - INFO - succefully com3.ag_007
[2022-12-30 12:17:48,633] 49 root - INFO - succefully com3.ag_008
[2022-12-30 12:17:48,707] 49 root - INFO - succefully com3.ag_009
[2022-12-30 12:17:48,790] 49 root - INFO - succefully com3.ah_000
[2022-12-30 12:17:48,869] 49 root - INFO - succefully com3.ai_000
[2022-12-30 12:17:48,951] 49 root - INFO - succefully com3.aj_000
[2022-12-30 12:17:49,023] 49 root - INFO - succefully com3.ak_000
[2022-12-30 12:17:49,101] 49 root - INFO - succefully com3.al_000
[2022-12-30 12:17:49,173] 49 root - INFO - succefully com3.am_0
[2022-12-30 12:17:49,253] 49 root - INFO - succefully com3.an_000
[2022-12-30 12:17:49,326] 49 root - INFO - succefully com3.ao_000
[2022-12-30 12:17:49,415] 49 root - INFO - succefully com3.ap_000
[2022-12-30 12:17:49,487] 49 root - INFO - succefully com3.aq_000
[2022-12-30 12:17:49,561] 49 root - INFO - succefully com3.ar_000
[2022-12-30 12:17:49,628] 49 root - INFO - succefully com3.as_000
[2022-12-30 12:17:49,703] 49 root - INFO - succefully com3.at_000
[2022-12-30 12:17:49,771] 49 root - INFO - succefully com3.au_000
[2022-12-30 12:17:49,845] 49 root - INFO - succefully com3.av_000
[2022-12-30 12:17:49,913] 49 root - INFO - succefully com3.ax_000
[2022-12-30 12:17:49,984] 49 root - INFO - succefully com3.ay_000
[2022-12-30 12:17:50,053] 49 root - INFO - succefully com3.ay_001
[2022-12-30 12:17:50,125] 49 root - INFO - succefully com3.ay_002
[2022-12-30 12:17:50,192] 49 root - INFO - succefully com3.ay_003
[2022-12-30 12:17:50,260] 49 root - INFO - succefully com3.ay_004
[2022-12-30 12:17:50,334] 49 root - INFO - succefully com3.ay_005
[2022-12-30 12:17:50,407] 49 root - INFO - succefully com3.ay_006
[2022-12-30 12:17:50,471] 49 root - INFO - succefully com3.ay_007
[2022-12-30 12:17:50,539] 49 root - INFO - succefully com3.ay_008
[2022-12-30 12:17:50,600] 49 root - INFO - succefully com3.ay_009
[2022-12-30 12:17:50,667] 49 root - INFO - succefully com3.az_000
[2022-12-30 12:17:50,729] 49 root - INFO - succefully com3.az_001
[2022-12-30 12:17:50,795] 49 root - INFO - succefully com3.az_002
[2022-12-30 12:17:50,855] 49 root - INFO - succefully com3.az_003
[2022-12-30 12:17:50,920] 49 root - INFO - succefully com3.az_004
[2022-12-30 12:17:50,979] 49 root - INFO - succefully com3.az_005
[2022-12-30 12:17:51,043] 49 root - INFO - succefully com3.az_006
[2022-12-30 12:17:51,099] 49 root - INFO - succefully com3.az_007
[2022-12-30 12:17:51,161] 49 root - INFO - succefully com3.az_008
[2022-12-30 12:17:51,217] 49 root - INFO - succefully com3.az_009
[2022-12-30 12:17:51,287] 49 root - INFO - succefully com3.ba_000
[2022-12-30 12:17:51,342] 49 root - INFO - succefully com3.ba_001
[2022-12-30 12:17:51,396] 49 root - INFO - succefully com3.ba_002
[2022-12-30 12:17:51,449] 49 root - INFO - succefully com3.ba_003
[2022-12-30 12:17:51,501] 49 root - INFO - succefully com3.ba_004
[2022-12-30 12:17:51,554] 49 root - INFO - succefully com3.ba_005
[2022-12-30 12:17:51,605] 49 root - INFO - succefully com3.ba_006
[2022-12-30 12:17:51,656] 49 root - INFO - succefully com3.ba_007
[2022-12-30 12:17:51,706] 49 root - INFO - succefully com3.ba_008
[2022-12-30 12:17:51,755] 49 root - INFO - succefully com3.ba_009
[2022-12-30 12:17:51,804] 49 root - INFO - succefully com3.bb_000
[2022-12-30 12:17:51,853] 49 root - INFO - succefully com3.bc_000
[2022-12-30 12:17:51,902] 49 root - INFO - succefully com3.bd_000
[2022-12-30 12:17:51,955] 49 root - INFO - succefully com3.be_000
[2022-12-30 12:17:52,003] 49 root - INFO - succefully com3.bf_000
[2022-12-30 12:17:52,049] 49 root - INFO - succefully com3.bg_000
[2022-12-30 12:17:52,096] 49 root - INFO - succefully com3.bh_000
[2022-12-30 12:17:52,142] 49 root - INFO - succefully com3.bi_000
[2022-12-30 12:17:52,188] 49 root - INFO - succefully com3.bj_000
[2022-12-30 12:17:52,233] 49 root - INFO - succefully com3.bk_000
[2022-12-30 12:17:52,277] 49 root - INFO - succefully com3.bl_000
[2022-12-30 12:17:52,325] 49 root - INFO - succefully com3.bm_000
[2022-12-30 12:17:52,373] 49 root - INFO - succefully com3.bs_000
[2022-12-30 12:17:52,417] 49 root - INFO - succefully com3.bt_000
[2022-12-30 12:17:52,459] 49 root - INFO - succefully com3.bu_000
[2022-12-30 12:17:52,501] 49 root - INFO - succefully com3.bv_000
[2022-12-30 12:17:52,543] 49 root - INFO - succefully com3.bx_000
[2022-12-30 12:17:52,583] 49 root - INFO - succefully com3.by_000
[2022-12-30 12:17:52,623] 49 root - INFO - succefully com3.bz_000
[2022-12-30 12:17:52,663] 49 root - INFO - succefully com3.ca_000
[2022-12-30 12:17:52,704] 49 root - INFO - succefully com3.cb_000
[2022-12-30 12:17:52,745] 49 root - INFO - succefully com3.cc_000
[2022-12-30 12:17:52,784] 49 root - INFO - succefully com3.cd_000
[2022-12-30 12:17:52,823] 49 root - INFO - succefully com3.ce_000
[2022-12-30 12:17:52,859] 49 root - INFO - succefully com3.cf_000
[2022-12-30 12:17:52,894] 49 root - INFO - succefully com3.cg_000
[2022-12-30 12:17:52,945] 49 root - INFO - succefully com3.ch_000
[2022-12-30 12:17:52,982] 49 root - INFO - succefully com3.ci_000
[2022-12-30 12:17:53,017] 49 root - INFO - succefully com3.cj_000
[2022-12-30 12:17:53,053] 49 root - INFO - succefully com3.ck_000
[2022-12-30 12:17:53,087] 49 root - INFO - succefully com3.cl_000
[2022-12-30 12:17:53,125] 49 root - INFO - succefully com3.cm_000
[2022-12-30 12:17:53,158] 49 root - INFO - succefully com3.cn_000
[2022-12-30 12:17:53,191] 49 root - INFO - succefully com3.cn_001
[2022-12-30 12:17:53,225] 49 root - INFO - succefully com3.cn_002
[2022-12-30 12:17:53,258] 49 root - INFO - succefully com3.cn_003
[2022-12-30 12:17:53,291] 49 root - INFO - succefully com3.cn_004
[2022-12-30 12:17:53,324] 49 root - INFO - succefully com3.cn_005
[2022-12-30 12:17:53,355] 49 root - INFO - succefully com3.cn_006
[2022-12-30 12:17:53,386] 49 root - INFO - succefully com3.cn_007
[2022-12-30 12:17:53,416] 49 root - INFO - succefully com3.cn_008
[2022-12-30 12:17:53,449] 49 root - INFO - succefully com3.cn_009
[2022-12-30 12:17:53,481] 49 root - INFO - succefully com3.co_000
[2022-12-30 12:17:53,510] 49 root - INFO - succefully com3.cp_000
[2022-12-30 12:17:53,541] 49 root - INFO - succefully com3.cq_000
[2022-12-30 12:17:53,571] 49 root - INFO - succefully com3.cs_000
[2022-12-30 12:17:53,602] 49 root - INFO - succefully com3.cs_001
[2022-12-30 12:17:53,629] 49 root - INFO - succefully com3.cs_002
[2022-12-30 12:17:53,656] 49 root - INFO - succefully com3.cs_003
[2022-12-30 12:17:53,683] 49 root - INFO - succefully com3.cs_004
[2022-12-30 12:17:53,708] 49 root - INFO - succefully com3.cs_005
[2022-12-30 12:17:53,733] 49 root - INFO - succefully com3.cs_006
[2022-12-30 12:17:53,757] 49 root - INFO - succefully com3.cs_007
[2022-12-30 12:17:53,782] 49 root - INFO - succefully com3.cs_008
[2022-12-30 12:17:53,804] 49 root - INFO - succefully com3.cs_009
[2022-12-30 12:17:53,828] 49 root - INFO - succefully com3.ct_000
[2022-12-30 12:17:53,851] 49 root - INFO - succefully com3.cu_000
[2022-12-30 12:17:53,873] 49 root - INFO - succefully com3.cv_000
[2022-12-30 12:17:53,895] 49 root - INFO - succefully com3.cx_000
[2022-12-30 12:17:53,916] 49 root - INFO - succefully com3.cy_000
[2022-12-30 12:17:53,937] 49 root - INFO - succefully com3.cz_000
[2022-12-30 12:17:53,956] 49 root - INFO - succefully com3.da_000
[2022-12-30 12:17:53,976] 49 root - INFO - succefully com3.db_000
[2022-12-30 12:17:53,996] 49 root - INFO - succefully com3.dc_000
[2022-12-30 12:17:54,018] 49 root - INFO - succefully com3.dd_000
[2022-12-30 12:17:54,039] 49 root - INFO - succefully com3.de_000
[2022-12-30 12:17:54,060] 49 root - INFO - succefully com3.df_000
[2022-12-30 12:17:54,080] 49 root - INFO - succefully com3.dg_000
[2022-12-30 12:17:54,098] 49 root - INFO - succefully com3.dh_000
[2022-12-30 12:17:54,117] 49 root - INFO - succefully com3.di_000
[2022-12-30 12:17:54,135] 49 root - INFO - succefully com3.dj_000
[2022-12-30 12:17:54,152] 49 root - INFO - succefully com3.dk_000
[2022-12-30 12:17:54,168] 49 root - INFO - succefully com3.dl_000
[2022-12-30 12:17:54,184] 49 root - INFO - succefully com3.dm_000
[2022-12-30 12:17:54,201] 49 root - INFO - succefully com3.dn_000
[2022-12-30 12:17:54,217] 49 root - INFO - succefully com3.do_000
[2022-12-30 12:17:54,238] 49 root - INFO - succefully com3.dp_000
[2022-12-30 12:17:54,256] 49 root - INFO - succefully com3.dq_000
[2022-12-30 12:17:54,270] 49 root - INFO - succefully com3.dr_000
[2022-12-30 12:17:54,285] 49 root - INFO - succefully com3.ds_000
[2022-12-30 12:17:54,300] 49 root - INFO - succefully com3.dt_000
[2022-12-30 12:17:54,314] 49 root - INFO - succefully com3.du_000
[2022-12-30 12:17:54,328] 49 root - INFO - succefully com3.dv_000
[2022-12-30 12:17:54,341] 49 root - INFO - succefully com3.dx_000
[2022-12-30 12:17:54,353] 49 root - INFO - succefully com3.dy_000
[2022-12-30 12:17:54,365] 49 root - INFO - succefully com3.dz_000
[2022-12-30 12:17:54,377] 49 root - INFO - succefully com3.ea_000
[2022-12-30 12:17:54,389] 49 root - INFO - succefully com3.eb_000
[2022-12-30 12:17:54,400] 49 root - INFO - succefully com3.ec_00
[2022-12-30 12:17:54,411] 49 root - INFO - succefully com3.ed_000
[2022-12-30 12:17:54,422] 49 root - INFO - succefully com3.ee_000
[2022-12-30 12:17:54,432] 49 root - INFO - succefully com3.ee_001
[2022-12-30 12:17:54,442] 49 root - INFO - succefully com3.ee_002
[2022-12-30 12:17:54,451] 49 root - INFO - succefully com3.ee_003
[2022-12-30 12:17:54,460] 49 root - INFO - succefully com3.ee_004
[2022-12-30 12:17:54,469] 49 root - INFO - succefully com3.ee_005
[2022-12-30 12:17:54,476] 49 root - INFO - succefully com3.ee_006
[2022-12-30 12:17:54,483] 49 root - INFO - succefully com3.ee_007
[2022-12-30 12:17:54,490] 49 root - INFO - succefully com3.ee_008
[2022-12-30 12:17:54,496] 49 root - INFO - succefully com3.ee_009
[2022-12-30 12:17:54,500] 49 root - INFO - succefully com3.ef_000
[2022-12-30 12:17:54,505] 49 root - INFO - succefully com3.eg_000
[2022-12-30 12:17:54,505] 49 root - INFO - succefully com3.aa_000
[2022-12-30 12:17:54,517] 49 root - INFO - succefully com3.ac_000
[2022-12-30 12:17:54,526] 49 root - INFO - succefully com3.ad_000
[2022-12-30 12:17:54,530] 49 root - INFO - succefully com3.ae_000
[2022-12-30 12:17:54,539] 49 root - INFO - succefully com3.af_000
[2022-12-30 12:17:54,543] 49 root - INFO - succefully com3.ag_000
[2022-12-30 12:17:54,552] 49 root - INFO - succefully com3.ag_001
[2022-12-30 12:17:54,556] 49 root - INFO - succefully com3.ag_002
[2022-12-30 12:17:54,564] 49 root - INFO - succefully com3.ag_003
[2022-12-30 12:17:54,568] 49 root - INFO - succefully com3.ag_004
[2022-12-30 12:17:54,576] 49 root - INFO - succefully com3.ag_005
[2022-12-30 12:17:54,580] 49 root - INFO - succefully com3.ag_006
[2022-12-30 12:17:54,588] 49 root - INFO - succefully com3.ag_007
[2022-12-30 12:17:54,592] 49 root - INFO - succefully com3.ag_008
[2022-12-30 12:17:54,600] 49 root - INFO - succefully com3.ag_009
[2022-12-30 12:17:54,604] 49 root - INFO - succefully com3.ah_000
[2022-12-30 12:17:54,612] 49 root - INFO - succefully com3.ai_000
[2022-12-30 12:17:54,616] 49 root - INFO - succefully com3.aj_000
[2022-12-30 12:17:54,623] 49 root - INFO - succefully com3.ak_000
[2022-12-30 12:17:54,627] 49 root - INFO - succefully com3.al_000
[2022-12-30 12:17:54,637] 49 root - INFO - succefully com3.am_0
[2022-12-30 12:17:54,640] 49 root - INFO - succefully com3.an_000
[2022-12-30 12:17:54,644] 49 root - INFO - succefully com3.ao_000
[2022-12-30 12:17:54,648] 49 root - INFO - succefully com3.ap_000
[2022-12-30 12:17:54,651] 49 root - INFO - succefully com3.aq_000
[2022-12-30 12:17:54,655] 49 root - INFO - succefully com3.ar_000
[2022-12-30 12:17:54,659] 49 root - INFO - succefully com3.as_000
[2022-12-30 12:17:54,662] 49 root - INFO - succefully com3.at_000
[2022-12-30 12:17:54,665] 49 root - INFO - succefully com3.au_000
[2022-12-30 12:17:54,669] 49 root - INFO - succefully com3.av_000
[2022-12-30 12:17:54,673] 49 root - INFO - succefully com3.ax_000
[2022-12-30 12:17:54,676] 49 root - INFO - succefully com3.ay_000
[2022-12-30 12:17:54,680] 49 root - INFO - succefully com3.ay_001
[2022-12-30 12:17:54,683] 49 root - INFO - succefully com3.ay_002
[2022-12-30 12:17:54,686] 49 root - INFO - succefully com3.ay_003
[2022-12-30 12:17:54,689] 49 root - INFO - succefully com3.ay_004
[2022-12-30 12:17:54,693] 49 root - INFO - succefully com3.ay_005
[2022-12-30 12:17:54,696] 49 root - INFO - succefully com3.ay_006
[2022-12-30 12:17:54,699] 49 root - INFO - succefully com3.ay_007
[2022-12-30 12:17:54,703] 49 root - INFO - succefully com3.ay_008
[2022-12-30 12:17:54,706] 49 root - INFO - succefully com3.ay_009
[2022-12-30 12:17:54,709] 49 root - INFO - succefully com3.az_000
[2022-12-30 12:17:54,712] 49 root - INFO - succefully com3.az_001
[2022-12-30 12:17:54,715] 49 root - INFO - succefully com3.az_002
[2022-12-30 12:17:54,718] 49 root - INFO - succefully com3.az_003
[2022-12-30 12:17:54,721] 49 root - INFO - succefully com3.az_004
[2022-12-30 12:17:54,725] 49 root - INFO - succefully com3.az_005
[2022-12-30 12:17:54,731] 49 root - INFO - succefully com3.az_006
[2022-12-30 12:17:54,734] 49 root - INFO - succefully com3.az_007
[2022-12-30 12:17:54,737] 49 root - INFO - succefully com3.az_008
[2022-12-30 12:17:54,740] 49 root - INFO - succefully com3.az_009
[2022-12-30 12:17:54,743] 49 root - INFO - succefully com3.ba_000
[2022-12-30 12:17:54,746] 49 root - INFO - succefully com3.ba_001
[2022-12-30 12:17:54,749] 49 root - INFO - succefully com3.ba_002
[2022-12-30 12:17:54,752] 49 root - INFO - succefully com3.ba_003
[2022-12-30 12:17:54,755] 49 root - INFO - succefully com3.ba_004
[2022-12-30 12:17:54,758] 49 root - INFO - succefully com3.ba_005
[2022-12-30 12:17:54,761] 49 root - INFO - succefully com3.ba_006
[2022-12-30 12:17:54,764] 49 root - INFO - succefully com3.ba_007
[2022-12-30 12:17:54,767] 49 root - INFO - succefully com3.ba_008
[2022-12-30 12:17:54,770] 49 root - INFO - succefully com3.ba_009
[2022-12-30 12:17:54,772] 49 root - INFO - succefully com3.bb_000
[2022-12-30 12:17:54,775] 49 root - INFO - succefully com3.bc_000
[2022-12-30 12:17:54,778] 49 root - INFO - succefully com3.bd_000
[2022-12-30 12:17:54,781] 49 root - INFO - succefully com3.be_000
[2022-12-30 12:17:54,784] 49 root - INFO - succefully com3.bf_000
[2022-12-30 12:17:54,786] 49 root - INFO - succefully com3.bg_000
[2022-12-30 12:17:54,789] 49 root - INFO - succefully com3.bh_000
[2022-12-30 12:17:54,792] 49 root - INFO - succefully com3.bi_000
[2022-12-30 12:17:54,795] 49 root - INFO - succefully com3.bj_000
[2022-12-30 12:17:54,797] 49 root - INFO - succefully com3.bk_000
[2022-12-30 12:17:54,800] 49 root - INFO - succefully com3.bl_000
[2022-12-30 12:17:54,803] 49 root - INFO - succefully com3.bm_000
[2022-12-30 12:17:54,805] 49 root - INFO - succefully com3.bs_000
[2022-12-30 12:17:54,808] 49 root - INFO - succefully com3.bt_000
[2022-12-30 12:17:54,810] 49 root - INFO - succefully com3.bu_000
[2022-12-30 12:17:54,813] 49 root - INFO - succefully com3.bv_000
[2022-12-30 12:17:54,815] 49 root - INFO - succefully com3.bx_000
[2022-12-30 12:17:54,818] 49 root - INFO - succefully com3.by_000
[2022-12-30 12:17:54,820] 49 root - INFO - succefully com3.bz_000
[2022-12-30 12:17:54,823] 49 root - INFO - succefully com3.ca_000
[2022-12-30 12:17:54,825] 49 root - INFO - succefully com3.cb_000
[2022-12-30 12:17:54,827] 49 root - INFO - succefully com3.cc_000
[2022-12-30 12:17:54,830] 49 root - INFO - succefully com3.cd_000
[2022-12-30 12:17:54,832] 49 root - INFO - succefully com3.ce_000
[2022-12-30 12:17:54,835] 49 root - INFO - succefully com3.cf_000
[2022-12-30 12:17:54,837] 49 root - INFO - succefully com3.cg_000
[2022-12-30 12:17:54,839] 49 root - INFO - succefully com3.ch_000
[2022-12-30 12:17:54,842] 49 root - INFO - succefully com3.ci_000
[2022-12-30 12:17:54,844] 49 root - INFO - succefully com3.cj_000
[2022-12-30 12:17:54,846] 49 root - INFO - succefully com3.ck_000
[2022-12-30 12:17:54,849] 49 root - INFO - succefully com3.cl_000
[2022-12-30 12:17:54,851] 49 root - INFO - succefully com3.cm_000
[2022-12-30 12:17:54,853] 49 root - INFO - succefully com3.cn_000
[2022-12-30 12:17:54,855] 49 root - INFO - succefully com3.cn_001
[2022-12-30 12:17:54,857] 49 root - INFO - succefully com3.cn_002
[2022-12-30 12:17:54,860] 49 root - INFO - succefully com3.cn_003
[2022-12-30 12:17:54,862] 49 root - INFO - succefully com3.cn_004
[2022-12-30 12:17:54,864] 49 root - INFO - succefully com3.cn_005
[2022-12-30 12:17:54,866] 49 root - INFO - succefully com3.cn_006
[2022-12-30 12:17:54,868] 49 root - INFO - succefully com3.cn_007
[2022-12-30 12:17:54,870] 49 root - INFO - succefully com3.cn_008
[2022-12-30 12:17:54,872] 49 root - INFO - succefully com3.cn_009
[2022-12-30 12:17:54,874] 49 root - INFO - succefully com3.co_000
[2022-12-30 12:17:54,876] 49 root - INFO - succefully com3.cp_000
[2022-12-30 12:17:54,877] 49 root - INFO - succefully com3.cq_000
[2022-12-30 12:17:54,879] 49 root - INFO - succefully com3.cs_000
[2022-12-30 12:17:54,881] 49 root - INFO - succefully com3.cs_001
[2022-12-30 12:17:54,883] 49 root - INFO - succefully com3.cs_002
[2022-12-30 12:17:54,885] 49 root - INFO - succefully com3.cs_003
[2022-12-30 12:17:54,887] 49 root - INFO - succefully com3.cs_004
[2022-12-30 12:17:54,889] 49 root - INFO - succefully com3.cs_005
[2022-12-30 12:17:54,891] 49 root - INFO - succefully com3.cs_006
[2022-12-30 12:17:54,892] 49 root - INFO - succefully com3.cs_007
[2022-12-30 12:17:54,894] 49 root - INFO - succefully com3.cs_008
[2022-12-30 12:17:54,896] 49 root - INFO - succefully com3.cs_009
[2022-12-30 12:17:54,898] 49 root - INFO - succefully com3.ct_000
[2022-12-30 12:17:54,901] 49 root - INFO - succefully com3.cu_000
[2022-12-30 12:17:54,903] 49 root - INFO - succefully com3.cv_000
[2022-12-30 12:17:54,905] 49 root - INFO - succefully com3.cx_000
[2022-12-30 12:17:54,906] 49 root - INFO - succefully com3.cy_000
[2022-12-30 12:17:54,908] 49 root - INFO - succefully com3.cz_000
[2022-12-30 12:17:54,909] 49 root - INFO - succefully com3.da_000
[2022-12-30 12:17:54,911] 49 root - INFO - succefully com3.db_000
[2022-12-30 12:17:54,912] 49 root - INFO - succefully com3.dc_000
[2022-12-30 12:17:54,914] 49 root - INFO - succefully com3.dd_000
[2022-12-30 12:17:54,915] 49 root - INFO - succefully com3.de_000
[2022-12-30 12:17:54,916] 49 root - INFO - succefully com3.df_000
[2022-12-30 12:17:54,918] 49 root - INFO - succefully com3.dg_000
[2022-12-30 12:17:54,919] 49 root - INFO - succefully com3.dh_000
[2022-12-30 12:17:54,920] 49 root - INFO - succefully com3.di_000
[2022-12-30 12:17:54,921] 49 root - INFO - succefully com3.dj_000
[2022-12-30 12:17:54,923] 49 root - INFO - succefully com3.dk_000
[2022-12-30 12:17:54,924] 49 root - INFO - succefully com3.dl_000
[2022-12-30 12:17:54,925] 49 root - INFO - succefully com3.dm_000
[2022-12-30 12:17:54,926] 49 root - INFO - succefully com3.dn_000
[2022-12-30 12:17:54,927] 49 root - INFO - succefully com3.do_000
[2022-12-30 12:17:54,928] 49 root - INFO - succefully com3.dp_000
[2022-12-30 12:17:54,929] 49 root - INFO - succefully com3.dq_000
[2022-12-30 12:17:54,930] 49 root - INFO - succefully com3.dr_000
[2022-12-30 12:17:54,931] 49 root - INFO - succefully com3.ds_000
[2022-12-30 12:17:54,932] 49 root - INFO - succefully com3.dt_000
[2022-12-30 12:17:54,933] 49 root - INFO - succefully com3.du_000
[2022-12-30 12:17:54,934] 49 root - INFO - succefully com3.dv_000
[2022-12-30 12:17:54,935] 49 root - INFO - succefully com3.dx_000
[2022-12-30 12:17:54,936] 49 root - INFO - succefully com3.dy_000
[2022-12-30 12:17:54,937] 49 root - INFO - succefully com3.dz_000
[2022-12-30 12:17:54,937] 49 root - INFO - succefully com3.ea_000
[2022-12-30 12:17:54,938] 49 root - INFO - succefully com3.eb_000
[2022-12-30 12:17:54,939] 49 root - INFO - succefully com3.ec_00
[2022-12-30 12:17:54,940] 49 root - INFO - succefully com3.ed_000
[2022-12-30 12:17:54,940] 49 root - INFO - succefully com3.ee_000
[2022-12-30 12:17:54,941] 49 root - INFO - succefully com3.ee_001
[2022-12-30 12:17:54,942] 49 root - INFO - succefully com3.ee_002
[2022-12-30 12:17:54,942] 49 root - INFO - succefully com3.ee_003
[2022-12-30 12:17:54,943] 49 root - INFO - succefully com3.ee_004
[2022-12-30 12:17:54,943] 49 root - INFO - succefully com3.ee_005
[2022-12-30 12:17:54,944] 49 root - INFO - succefully com3.ee_006
[2022-12-30 12:17:54,945] 49 root - INFO - succefully com3.ee_007
[2022-12-30 12:17:54,945] 49 root - INFO - succefully com3.ee_008
[2022-12-30 12:17:54,946] 49 root - INFO - succefully com3.ee_009
[2022-12-30 12:17:54,946] 49 root - INFO - succefully com3.ef_000
[2022-12-30 12:17:54,947] 49 root - INFO - succefully com3.eg_000
[2022-12-30 12:17:54,947] 49 root - INFO - succefully com3.aa_000
[2022-12-30 12:17:54,953] 49 root - INFO - succefully com3.ac_000
[2022-12-30 12:17:54,955] 49 root - INFO - succefully com3.ad_000
[2022-12-30 12:17:54,956] 49 root - INFO - succefully com3.ae_000
[2022-12-30 12:17:54,958] 49 root - INFO - succefully com3.af_000
[2022-12-30 12:17:54,959] 49 root - INFO - succefully com3.ag_000
[2022-12-30 12:17:54,961] 49 root - INFO - succefully com3.ag_001
[2022-12-30 12:17:54,962] 49 root - INFO - succefully com3.ag_002
[2022-12-30 12:17:54,964] 49 root - INFO - succefully com3.ag_003
[2022-12-30 12:17:54,965] 49 root - INFO - succefully com3.ag_004
[2022-12-30 12:17:54,967] 49 root - INFO - succefully com3.ag_005
[2022-12-30 12:17:54,968] 49 root - INFO - succefully com3.ag_006
[2022-12-30 12:17:54,969] 49 root - INFO - succefully com3.ag_007
[2022-12-30 12:17:54,971] 49 root - INFO - succefully com3.ag_008
[2022-12-30 12:17:54,972] 49 root - INFO - succefully com3.ag_009
[2022-12-30 12:17:54,974] 49 root - INFO - succefully com3.ah_000
[2022-12-30 12:17:54,975] 49 root - INFO - succefully com3.ai_000
[2022-12-30 12:17:54,977] 49 root - INFO - succefully com3.aj_000
[2022-12-30 12:17:54,979] 49 root - INFO - succefully com3.ak_000
[2022-12-30 12:17:54,980] 49 root - INFO - succefully com3.al_000
[2022-12-30 12:17:54,982] 49 root - INFO - succefully com3.am_0
[2022-12-30 12:17:54,983] 49 root - INFO - succefully com3.an_000
[2022-12-30 12:17:54,984] 49 root - INFO - succefully com3.ao_000
[2022-12-30 12:17:54,986] 49 root - INFO - succefully com3.ap_000
[2022-12-30 12:17:54,987] 49 root - INFO - succefully com3.aq_000
[2022-12-30 12:17:54,988] 49 root - INFO - succefully com3.ar_000
[2022-12-30 12:17:54,990] 49 root - INFO - succefully com3.as_000
[2022-12-30 12:17:54,991] 49 root - INFO - succefully com3.at_000
[2022-12-30 12:17:54,992] 49 root - INFO - succefully com3.au_000
[2022-12-30 12:17:54,994] 49 root - INFO - succefully com3.av_000
[2022-12-30 12:17:54,995] 49 root - INFO - succefully com3.ax_000
[2022-12-30 12:17:54,996] 49 root - INFO - succefully com3.ay_000
[2022-12-30 12:17:54,997] 49 root - INFO - succefully com3.ay_001
[2022-12-30 12:17:54,999] 49 root - INFO - succefully com3.ay_002
[2022-12-30 12:17:55,000] 49 root - INFO - succefully com3.ay_003
[2022-12-30 12:17:55,002] 49 root - INFO - succefully com3.ay_004
[2022-12-30 12:17:55,003] 49 root - INFO - succefully com3.ay_005
[2022-12-30 12:17:55,004] 49 root - INFO - succefully com3.ay_006
[2022-12-30 12:17:55,006] 49 root - INFO - succefully com3.ay_007
[2022-12-30 12:17:55,007] 49 root - INFO - succefully com3.ay_008
[2022-12-30 12:17:55,008] 49 root - INFO - succefully com3.ay_009
[2022-12-30 12:17:55,009] 49 root - INFO - succefully com3.az_000
[2022-12-30 12:17:55,011] 49 root - INFO - succefully com3.az_001
[2022-12-30 12:17:55,012] 49 root - INFO - succefully com3.az_002
[2022-12-30 12:17:55,013] 49 root - INFO - succefully com3.az_003
[2022-12-30 12:17:55,014] 49 root - INFO - succefully com3.az_004
[2022-12-30 12:17:55,015] 49 root - INFO - succefully com3.az_005
[2022-12-30 12:17:55,016] 49 root - INFO - succefully com3.az_006
[2022-12-30 12:17:55,017] 49 root - INFO - succefully com3.az_007
[2022-12-30 12:17:55,019] 49 root - INFO - succefully com3.az_008
[2022-12-30 12:17:55,020] 49 root - INFO - succefully com3.az_009
[2022-12-30 12:17:55,021] 49 root - INFO - succefully com3.ba_000
[2022-12-30 12:17:55,022] 49 root - INFO - succefully com3.ba_001
[2022-12-30 12:17:55,023] 49 root - INFO - succefully com3.ba_002
[2022-12-30 12:17:55,024] 49 root - INFO - succefully com3.ba_003
[2022-12-30 12:17:55,025] 49 root - INFO - succefully com3.ba_004
[2022-12-30 12:17:55,026] 49 root - INFO - succefully com3.ba_005
[2022-12-30 12:17:55,027] 49 root - INFO - succefully com3.ba_006
[2022-12-30 12:17:55,028] 49 root - INFO - succefully com3.ba_007
[2022-12-30 12:17:55,029] 49 root - INFO - succefully com3.ba_008
[2022-12-30 12:17:55,030] 49 root - INFO - succefully com3.ba_009
[2022-12-30 12:17:55,032] 49 root - INFO - succefully com3.bb_000
[2022-12-30 12:17:55,033] 49 root - INFO - succefully com3.bc_000
[2022-12-30 12:17:55,034] 49 root - INFO - succefully com3.bd_000
[2022-12-30 12:17:55,035] 49 root - INFO - succefully com3.be_000
[2022-12-30 12:17:55,036] 49 root - INFO - succefully com3.bf_000
[2022-12-30 12:17:55,037] 49 root - INFO - succefully com3.bg_000
[2022-12-30 12:17:55,038] 49 root - INFO - succefully com3.bh_000
[2022-12-30 12:17:55,039] 49 root - INFO - succefully com3.bi_000
[2022-12-30 12:17:55,040] 49 root - INFO - succefully com3.bj_000
[2022-12-30 12:17:55,041] 49 root - INFO - succefully com3.bk_000
[2022-12-30 12:17:55,042] 49 root - INFO - succefully com3.bl_000
[2022-12-30 12:17:55,043] 49 root - INFO - succefully com3.bm_000
[2022-12-30 12:17:55,044] 49 root - INFO - succefully com3.bs_000
[2022-12-30 12:17:55,045] 49 root - INFO - succefully com3.bt_000
[2022-12-30 12:17:55,046] 49 root - INFO - succefully com3.bu_000
[2022-12-30 12:17:55,047] 49 root - INFO - succefully com3.bv_000
[2022-12-30 12:17:55,048] 49 root - INFO - succefully com3.bx_000
[2022-12-30 12:17:55,049] 49 root - INFO - succefully com3.by_000
[2022-12-30 12:17:55,050] 49 root - INFO - succefully com3.bz_000
[2022-12-30 12:17:55,051] 49 root - INFO - succefully com3.ca_000
[2022-12-30 12:17:55,052] 49 root - INFO - succefully com3.cb_000
[2022-12-30 12:17:55,052] 49 root - INFO - succefully com3.cc_000
[2022-12-30 12:17:55,053] 49 root - INFO - succefully com3.cd_000
[2022-12-30 12:17:55,054] 49 root - INFO - succefully com3.ce_000
[2022-12-30 12:17:55,055] 49 root - INFO - succefully com3.cf_000
[2022-12-30 12:17:55,056] 49 root - INFO - succefully com3.cg_000
[2022-12-30 12:17:55,057] 49 root - INFO - succefully com3.ch_000
[2022-12-30 12:17:55,058] 49 root - INFO - succefully com3.ci_000
[2022-12-30 12:17:55,059] 49 root - INFO - succefully com3.cj_000
[2022-12-30 12:17:55,059] 49 root - INFO - succefully com3.ck_000
[2022-12-30 12:17:55,060] 49 root - INFO - succefully com3.cl_000
[2022-12-30 12:17:55,061] 49 root - INFO - succefully com3.cm_000
[2022-12-30 12:17:55,062] 49 root - INFO - succefully com3.cn_000
[2022-12-30 12:17:55,063] 49 root - INFO - succefully com3.cn_001
[2022-12-30 12:17:55,063] 49 root - INFO - succefully com3.cn_002
[2022-12-30 12:17:55,064] 49 root - INFO - succefully com3.cn_003
[2022-12-30 12:17:55,065] 49 root - INFO - succefully com3.cn_004
[2022-12-30 12:17:55,066] 49 root - INFO - succefully com3.cn_005
[2022-12-30 12:17:55,066] 49 root - INFO - succefully com3.cn_006
[2022-12-30 12:17:55,067] 49 root - INFO - succefully com3.cn_007
[2022-12-30 12:17:55,068] 49 root - INFO - succefully com3.cn_008
[2022-12-30 12:17:55,069] 49 root - INFO - succefully com3.cn_009
[2022-12-30 12:17:55,069] 49 root - INFO - succefully com3.co_000
[2022-12-30 12:17:55,070] 49 root - INFO - succefully com3.cp_000
[2022-12-30 12:17:55,071] 49 root - INFO - succefully com3.cq_000
[2022-12-30 12:17:55,071] 49 root - INFO - succefully com3.cs_000
[2022-12-30 12:17:55,072] 49 root - INFO - succefully com3.cs_001
[2022-12-30 12:17:55,073] 49 root - INFO - succefully com3.cs_002
[2022-12-30 12:17:55,074] 49 root - INFO - succefully com3.cs_003
[2022-12-30 12:17:55,074] 49 root - INFO - succefully com3.cs_004
[2022-12-30 12:17:55,075] 49 root - INFO - succefully com3.cs_005
[2022-12-30 12:17:55,076] 49 root - INFO - succefully com3.cs_006
[2022-12-30 12:17:55,076] 49 root - INFO - succefully com3.cs_007
[2022-12-30 12:17:55,077] 49 root - INFO - succefully com3.cs_008
[2022-12-30 12:17:55,078] 49 root - INFO - succefully com3.cs_009
[2022-12-30 12:17:55,079] 49 root - INFO - succefully com3.ct_000
[2022-12-30 12:17:55,079] 49 root - INFO - succefully com3.cu_000
[2022-12-30 12:17:55,080] 49 root - INFO - succefully com3.cv_000
[2022-12-30 12:17:55,081] 49 root - INFO - succefully com3.cx_000
[2022-12-30 12:17:55,082] 49 root - INFO - succefully com3.cy_000
[2022-12-30 12:17:55,082] 49 root - INFO - succefully com3.cz_000
[2022-12-30 12:17:55,083] 49 root - INFO - succefully com3.da_000
[2022-12-30 12:17:55,083] 49 root - INFO - succefully com3.db_000
[2022-12-30 12:17:55,084] 49 root - INFO - succefully com3.dc_000
[2022-12-30 12:17:55,085] 49 root - INFO - succefully com3.dd_000
[2022-12-30 12:17:55,085] 49 root - INFO - succefully com3.de_000
[2022-12-30 12:17:55,086] 49 root - INFO - succefully com3.df_000
[2022-12-30 12:17:55,087] 49 root - INFO - succefully com3.dg_000
[2022-12-30 12:17:55,087] 49 root - INFO - succefully com3.dh_000
[2022-12-30 12:17:55,088] 49 root - INFO - succefully com3.di_000
[2022-12-30 12:17:55,088] 49 root - INFO - succefully com3.dj_000
[2022-12-30 12:17:55,089] 49 root - INFO - succefully com3.dk_000
[2022-12-30 12:17:55,089] 49 root - INFO - succefully com3.dl_000
[2022-12-30 12:17:55,090] 49 root - INFO - succefully com3.dm_000
[2022-12-30 12:17:55,091] 49 root - INFO - succefully com3.dn_000
[2022-12-30 12:17:55,092] 49 root - INFO - succefully com3.do_000
[2022-12-30 12:17:55,092] 49 root - INFO - succefully com3.dp_000
[2022-12-30 12:17:55,093] 49 root - INFO - succefully com3.dq_000
[2022-12-30 12:17:55,093] 49 root - INFO - succefully com3.dr_000
[2022-12-30 12:17:55,094] 49 root - INFO - succefully com3.ds_000
[2022-12-30 12:17:55,094] 49 root - INFO - succefully com3.dt_000
[2022-12-30 12:17:55,095] 49 root - INFO - succefully com3.du_000
[2022-12-30 12:17:55,096] 49 root - INFO - succefully com3.dv_000
[2022-12-30 12:17:55,096] 49 root - INFO - succefully com3.dx_000
[2022-12-30 12:17:55,097] 49 root - INFO - succefully com3.dy_000
[2022-12-30 12:17:55,097] 49 root - INFO - succefully com3.dz_000
[2022-12-30 12:17:55,098] 49 root - INFO - succefully com3.ea_000
[2022-12-30 12:17:55,098] 49 root - INFO - succefully com3.eb_000
[2022-12-30 12:17:55,099] 49 root - INFO - succefully com3.ec_00
[2022-12-30 12:17:55,099] 49 root - INFO - succefully com3.ed_000
[2022-12-30 12:17:55,100] 49 root - INFO - succefully com3.ee_000
[2022-12-30 12:17:55,100] 49 root - INFO - succefully com3.ee_001
[2022-12-30 12:17:55,101] 49 root - INFO - succefully com3.ee_002
[2022-12-30 12:17:55,101] 49 root - INFO - succefully com3.ee_003
[2022-12-30 12:17:55,102] 49 root - INFO - succefully com3.ee_004
[2022-12-30 12:17:55,102] 49 root - INFO - succefully com3.ee_005
[2022-12-30 12:17:55,103] 49 root - INFO - succefully com3.ee_006
[2022-12-30 12:17:55,103] 49 root - INFO - succefully com3.ee_007
[2022-12-30 12:17:55,104] 49 root - INFO - succefully com3.ee_008
[2022-12-30 12:17:55,104] 49 root - INFO - succefully com3.ee_009
[2022-12-30 12:17:55,105] 49 root - INFO - succefully com3.ef_000
[2022-12-30 12:17:55,105] 49 root - INFO - succefully com3.eg_000
[2022-12-30 12:17:55,105] 146 root - INFO - Is all required columns present in train df
[2022-12-30 12:17:55,105] 68 root - INFO - is_required_columns_exists or not.
[2022-12-30 12:17:55,106] 76 root - INFO - missing_columns are:[]
[2022-12-30 12:17:55,106] 148 root - INFO - Is all required columns present in test df
[2022-12-30 12:17:55,106] 68 root - INFO - is_required_columns_exists or not.
[2022-12-30 12:17:55,106] 76 root - INFO - missing_columns are:[]
[2022-12-30 12:17:55,106] 152 root - INFO - As all columns available in train df hence detecting data drift
[2022-12-30 12:17:55,106] 95 root - INFO - Hypothesis class: object, object
