[2022-12-30 11:50:47,978] 16 root - INFO - >>>>>>>>>>>>>>>>>>>>>>>>>>>>>>>>>>>>>>>> Data Ingestion <<<<<<<<<<<<<<<<<<<<<<<<<<<<<<<<<<<<<<<<
[2022-12-30 11:50:47,978] 24 root - INFO - Exporting collection data as pandas dataframe
[2022-12-30 11:50:47,978] 20 root - INFO - Read data from database:aps and collection: sensor
[2022-12-30 11:50:52,203] 22 root - INFO - Found columns: Index(['_id', 'class', 'aa_000', 'ab_000', 'ac_000', 'ad_000', 'ae_000',
       'af_000', 'ag_000', 'ag_001',
       ...
       'ee_002', 'ee_003', 'ee_004', 'ee_005', 'ee_006', 'ee_007', 'ee_008',
       'ee_009', 'ef_000', 'eg_000'],
      dtype='object', length=172)
[2022-12-30 11:50:52,204] 26 root - INFO - Row and Columns in df: (36188, 172)
[2022-12-30 11:50:52,204] 31 root - INFO - replace na with Nan
[2022-12-30 11:50:52,973] 36 root - INFO - Create feature store folder if not available
[2022-12-30 11:50:52,974] 41 root - INFO - save df to feature store folder
[2022-12-30 11:50:55,559] 46 root - INFO - split dataset into train and test set.
[2022-12-30 11:50:56,245] 50 root - INFO - create dataset directory folder if not avaiable
[2022-12-30 11:50:56,245] 55 root - INFO - save df to feature store folder
[2022-12-30 11:50:58,571] 66 root - INFO - Data ingestion artifact:DataIngestionArtifact(feature_store_file_path='/config/workspace/artifact/12-30-22__11:50:47/data_ingestion/feature_store/sensor.csv', train_file_path='/config/workspace/artifact/12-30-22__11:50:47/data_ingestion/dataset/train.csv', test_file_path='/config/workspace/artifact/12-30-22__11:50:47/data_ingestion/dataset/test.csv')
[2022-12-30 11:50:58,571] 67 root - INFO - >>>>>>>>>>>>>>>>>>>>>>>>>>>>>>>>>>>>>>>> Data Ingestion is completed. <<<<<<<<<<<<<<<<<<<<<<<<<<<<<<<<<<<<<<<<
[2022-12-30 11:50:59,057] 20 root - INFO - >>>>>>>>>>>>>>>>>>>>>>>>>>>>>>>>>>>>>>>> Data Validation <<<<<<<<<<<<<<<<<<<<<<<<<<<<<<<<<<<<<<<< 
[2022-12-30 11:50:59,058] 119 root - INFO - reading base dataframe
[2022-12-30 11:51:02,026] 122 root - INFO - Replace na value in base df
[2022-12-30 11:51:02,026] 124 root - INFO - Drop null values columns from base df
[2022-12-30 11:51:02,026] 44 root - INFO - droping_missing_values_columns in the dataframe df.
[2022-12-30 11:51:03,006] 48 root - INFO - selecting columns names which contains null above to 0.7
[2022-12-30 11:51:03,006] 52 root - INFO - droped columns are: ['ab_000', 'bn_000', 'bo_000', 'bp_000', 'bq_000', 'br_000', 'cr_000']
[2022-12-30 11:51:03,124] 126 root - INFO - replacing na with np.nan and droping missing values columns
[2022-12-30 11:51:03,124] 128 root - INFO - Reading train dataframe
[2022-12-30 11:51:03,516] 130 root - INFO - Reading test dataframe
[2022-12-30 11:51:03,619] 133 root - INFO - Drop null values columns from train df
[2022-12-30 11:51:03,619] 44 root - INFO - droping_missing_values_columns in the dataframe df.
[2022-12-30 11:51:03,635] 48 root - INFO - selecting columns names which contains null above to 0.7
[2022-12-30 11:51:03,635] 52 root - INFO - droped columns are: ['ab_000', 'bn_000', 'bo_000', 'bp_000', 'bq_000', 'br_000', 'cr_000']
[2022-12-30 11:51:03,646] 135 root - INFO - Drop null values columns from test df
[2022-12-30 11:51:03,646] 44 root - INFO - droping_missing_values_columns in the dataframe df.
[2022-12-30 11:51:03,651] 48 root - INFO - selecting columns names which contains null above to 0.7
[2022-12-30 11:51:03,653] 52 root - INFO - droped columns are: ['ab_000', 'bn_000', 'bo_000', 'bp_000', 'bq_000', 'br_000', 'cr_000']
