[2022-12-30 11:55:16,828] 16 root - INFO - >>>>>>>>>>>>>>>>>>>>>>>>>>>>>>>>>>>>>>>> Data Ingestion <<<<<<<<<<<<<<<<<<<<<<<<<<<<<<<<<<<<<<<<
[2022-12-30 11:55:16,828] 24 root - INFO - Exporting collection data as pandas dataframe
[2022-12-30 11:55:16,828] 20 root - INFO - Read data from database:aps and collection: sensor
[2022-12-30 11:55:20,502] 22 root - INFO - Found columns: Index(['_id', 'class', 'aa_000', 'ab_000', 'ac_000', 'ad_000', 'ae_000',
       'af_000', 'ag_000', 'ag_001',
       ...
       'ee_002', 'ee_003', 'ee_004', 'ee_005', 'ee_006', 'ee_007', 'ee_008',
       'ee_009', 'ef_000', 'eg_000'],
      dtype='object', length=172)
[2022-12-30 11:55:20,503] 26 root - INFO - Row and Columns in df: (36188, 172)
[2022-12-30 11:55:20,503] 31 root - INFO - replace na with Nan
[2022-12-30 11:55:21,136] 36 root - INFO - Create feature store folder if not available
[2022-12-30 11:55:21,136] 41 root - INFO - save df to feature store folder
[2022-12-30 11:55:23,844] 46 root - INFO - split dataset into train and test set.
[2022-12-30 11:55:24,571] 50 root - INFO - create dataset directory folder if not avaiable
[2022-12-30 11:55:24,571] 55 root - INFO - save df to feature store folder
[2022-12-30 11:55:27,032] 66 root - INFO - Data ingestion artifact:DataIngestionArtifact(feature_store_file_path='/config/workspace/artifact/12-30-22__11:55:16/data_ingestion/feature_store/sensor.csv', train_file_path='/config/workspace/artifact/12-30-22__11:55:16/data_ingestion/dataset/train.csv', test_file_path='/config/workspace/artifact/12-30-22__11:55:16/data_ingestion/dataset/test.csv')
[2022-12-30 11:55:27,033] 67 root - INFO - >>>>>>>>>>>>>>>>>>>>>>>>>>>>>>>>>>>>>>>> Data Ingestion is completed. <<<<<<<<<<<<<<<<<<<<<<<<<<<<<<<<<<<<<<<<
[2022-12-30 11:55:27,492] 20 root - INFO - >>>>>>>>>>>>>>>>>>>>>>>>>>>>>>>>>>>>>>>> Data Validation <<<<<<<<<<<<<<<<<<<<<<<<<<<<<<<<<<<<<<<< 
[2022-12-30 11:55:27,493] 119 root - INFO - reading base dataframe
[2022-12-30 11:55:30,481] 122 root - INFO - Replace na value in base df
[2022-12-30 11:55:30,482] 124 root - INFO - Drop null values columns from base df
[2022-12-30 11:55:30,482] 44 root - INFO - droping_missing_values_columns in the dataframe df.
[2022-12-30 11:55:31,473] 48 root - INFO - selecting columns names which contains null above to 0.7
[2022-12-30 11:55:31,474] 52 root - INFO - droped columns are: ['ab_000', 'bn_000', 'bo_000', 'bp_000', 'bq_000', 'br_000', 'cr_000']
[2022-12-30 11:55:31,588] 126 root - INFO - replacing na with np.nan and droping missing values columns
[2022-12-30 11:55:31,588] 128 root - INFO - Reading train dataframe
[2022-12-30 11:55:31,998] 130 root - INFO - Reading test dataframe
[2022-12-30 11:55:32,106] 133 root - INFO - Drop null values columns from train df
[2022-12-30 11:55:32,107] 44 root - INFO - droping_missing_values_columns in the dataframe df.
[2022-12-30 11:55:32,123] 48 root - INFO - selecting columns names which contains null above to 0.7
[2022-12-30 11:55:32,124] 52 root - INFO - droped columns are: ['ab_000', 'bn_000', 'bo_000', 'bp_000', 'bq_000', 'br_000', 'cr_000']
[2022-12-30 11:55:32,137] 135 root - INFO - Drop null values columns from test df
[2022-12-30 11:55:32,137] 44 root - INFO - droping_missing_values_columns in the dataframe df.
[2022-12-30 11:55:32,142] 48 root - INFO - selecting columns names which contains null above to 0.7
[2022-12-30 11:55:32,143] 52 root - INFO - droped columns are: ['ab_000', 'bn_000', 'bo_000', 'bp_000', 'bq_000', 'br_000', 'cr_000']
[2022-12-30 11:55:32,147] 47 root - INFO - succefully com1.class
[2022-12-30 11:55:32,147] 47 root - INFO - succefully com1.aa_000
[2022-12-30 11:55:32,147] 49 root - INFO - succefully com2.aa_000
[2022-12-30 11:55:32,148] 51 root - INFO - succefully com3.aa_000
[2022-12-30 11:55:32,149] 47 root - INFO - succefully com1.ac_000
[2022-12-30 11:55:32,149] 49 root - INFO - succefully com2.ac_000
[2022-12-30 11:55:32,248] 51 root - INFO - succefully com3.ac_000
[2022-12-30 11:55:32,248] 47 root - INFO - succefully com1.ad_000
[2022-12-30 11:55:32,248] 49 root - INFO - succefully com2.ad_000
[2022-12-30 11:55:32,333] 51 root - INFO - succefully com3.ad_000
[2022-12-30 11:55:32,333] 47 root - INFO - succefully com1.ae_000
[2022-12-30 11:55:32,333] 49 root - INFO - succefully com2.ae_000
[2022-12-30 11:55:32,422] 51 root - INFO - succefully com3.ae_000
[2022-12-30 11:55:32,422] 47 root - INFO - succefully com1.af_000
[2022-12-30 11:55:32,422] 49 root - INFO - succefully com2.af_000
[2022-12-30 11:55:32,506] 51 root - INFO - succefully com3.af_000
[2022-12-30 11:55:32,506] 47 root - INFO - succefully com1.ag_000
[2022-12-30 11:55:32,506] 49 root - INFO - succefully com2.ag_000
[2022-12-30 11:55:32,589] 51 root - INFO - succefully com3.ag_000
[2022-12-30 11:55:32,589] 47 root - INFO - succefully com1.ag_001
[2022-12-30 11:55:32,589] 49 root - INFO - succefully com2.ag_001
[2022-12-30 11:55:32,672] 51 root - INFO - succefully com3.ag_001
[2022-12-30 11:55:32,672] 47 root - INFO - succefully com1.ag_002
[2022-12-30 11:55:32,672] 49 root - INFO - succefully com2.ag_002
[2022-12-30 11:55:32,758] 51 root - INFO - succefully com3.ag_002
[2022-12-30 11:55:32,759] 47 root - INFO - succefully com1.ag_003
[2022-12-30 11:55:32,759] 49 root - INFO - succefully com2.ag_003
[2022-12-30 11:55:32,844] 51 root - INFO - succefully com3.ag_003
[2022-12-30 11:55:32,844] 47 root - INFO - succefully com1.ag_004
[2022-12-30 11:55:32,844] 49 root - INFO - succefully com2.ag_004
[2022-12-30 11:55:32,929] 51 root - INFO - succefully com3.ag_004
[2022-12-30 11:55:32,929] 47 root - INFO - succefully com1.ag_005
[2022-12-30 11:55:32,929] 49 root - INFO - succefully com2.ag_005
[2022-12-30 11:55:33,013] 51 root - INFO - succefully com3.ag_005
[2022-12-30 11:55:33,014] 47 root - INFO - succefully com1.ag_006
[2022-12-30 11:55:33,014] 49 root - INFO - succefully com2.ag_006
[2022-12-30 11:55:33,097] 51 root - INFO - succefully com3.ag_006
[2022-12-30 11:55:33,098] 47 root - INFO - succefully com1.ag_007
[2022-12-30 11:55:33,098] 49 root - INFO - succefully com2.ag_007
[2022-12-30 11:55:33,185] 51 root - INFO - succefully com3.ag_007
[2022-12-30 11:55:33,185] 47 root - INFO - succefully com1.ag_008
[2022-12-30 11:55:33,185] 49 root - INFO - succefully com2.ag_008
[2022-12-30 11:55:33,265] 51 root - INFO - succefully com3.ag_008
[2022-12-30 11:55:33,266] 47 root - INFO - succefully com1.ag_009
[2022-12-30 11:55:33,266] 49 root - INFO - succefully com2.ag_009
[2022-12-30 11:55:33,349] 51 root - INFO - succefully com3.ag_009
[2022-12-30 11:55:33,350] 47 root - INFO - succefully com1.ah_000
[2022-12-30 11:55:33,350] 49 root - INFO - succefully com2.ah_000
[2022-12-30 11:55:33,428] 51 root - INFO - succefully com3.ah_000
[2022-12-30 11:55:33,428] 47 root - INFO - succefully com1.ai_000
[2022-12-30 11:55:33,428] 49 root - INFO - succefully com2.ai_000
[2022-12-30 11:55:33,506] 51 root - INFO - succefully com3.ai_000
[2022-12-30 11:55:33,506] 47 root - INFO - succefully com1.aj_000
[2022-12-30 11:55:33,506] 49 root - INFO - succefully com2.aj_000
[2022-12-30 11:55:33,593] 51 root - INFO - succefully com3.aj_000
[2022-12-30 11:55:33,593] 47 root - INFO - succefully com1.ak_000
[2022-12-30 11:55:33,593] 49 root - INFO - succefully com2.ak_000
[2022-12-30 11:55:33,689] 51 root - INFO - succefully com3.ak_000
[2022-12-30 11:55:33,689] 47 root - INFO - succefully com1.al_000
[2022-12-30 11:55:33,689] 49 root - INFO - succefully com2.al_000
[2022-12-30 11:55:33,767] 51 root - INFO - succefully com3.al_000
[2022-12-30 11:55:33,767] 47 root - INFO - succefully com1.am_0
[2022-12-30 11:55:33,767] 49 root - INFO - succefully com2.am_0
[2022-12-30 11:55:33,845] 51 root - INFO - succefully com3.am_0
[2022-12-30 11:55:33,845] 47 root - INFO - succefully com1.an_000
[2022-12-30 11:55:33,845] 49 root - INFO - succefully com2.an_000
[2022-12-30 11:55:33,922] 51 root - INFO - succefully com3.an_000
[2022-12-30 11:55:33,922] 47 root - INFO - succefully com1.ao_000
[2022-12-30 11:55:33,922] 49 root - INFO - succefully com2.ao_000
[2022-12-30 11:55:34,000] 51 root - INFO - succefully com3.ao_000
[2022-12-30 11:55:34,000] 47 root - INFO - succefully com1.ap_000
[2022-12-30 11:55:34,000] 49 root - INFO - succefully com2.ap_000
[2022-12-30 11:55:34,076] 51 root - INFO - succefully com3.ap_000
[2022-12-30 11:55:34,076] 47 root - INFO - succefully com1.aq_000
[2022-12-30 11:55:34,076] 49 root - INFO - succefully com2.aq_000
[2022-12-30 11:55:34,153] 51 root - INFO - succefully com3.aq_000
[2022-12-30 11:55:34,153] 47 root - INFO - succefully com1.ar_000
[2022-12-30 11:55:34,153] 49 root - INFO - succefully com2.ar_000
[2022-12-30 11:55:34,227] 51 root - INFO - succefully com3.ar_000
[2022-12-30 11:55:34,227] 47 root - INFO - succefully com1.as_000
[2022-12-30 11:55:34,227] 49 root - INFO - succefully com2.as_000
[2022-12-30 11:55:34,304] 51 root - INFO - succefully com3.as_000
[2022-12-30 11:55:34,304] 47 root - INFO - succefully com1.at_000
[2022-12-30 11:55:34,304] 49 root - INFO - succefully com2.at_000
[2022-12-30 11:55:34,377] 51 root - INFO - succefully com3.at_000
[2022-12-30 11:55:34,377] 47 root - INFO - succefully com1.au_000
[2022-12-30 11:55:34,377] 49 root - INFO - succefully com2.au_000
[2022-12-30 11:55:34,467] 51 root - INFO - succefully com3.au_000
[2022-12-30 11:55:34,467] 47 root - INFO - succefully com1.av_000
[2022-12-30 11:55:34,467] 49 root - INFO - succefully com2.av_000
[2022-12-30 11:55:34,543] 51 root - INFO - succefully com3.av_000
[2022-12-30 11:55:34,543] 47 root - INFO - succefully com1.ax_000
[2022-12-30 11:55:34,543] 49 root - INFO - succefully com2.ax_000
[2022-12-30 11:55:34,615] 51 root - INFO - succefully com3.ax_000
[2022-12-30 11:55:34,615] 47 root - INFO - succefully com1.ay_000
[2022-12-30 11:55:34,615] 49 root - INFO - succefully com2.ay_000
[2022-12-30 11:55:34,685] 51 root - INFO - succefully com3.ay_000
[2022-12-30 11:55:34,685] 47 root - INFO - succefully com1.ay_001
[2022-12-30 11:55:34,685] 49 root - INFO - succefully com2.ay_001
[2022-12-30 11:55:34,756] 51 root - INFO - succefully com3.ay_001
[2022-12-30 11:55:34,756] 47 root - INFO - succefully com1.ay_002
[2022-12-30 11:55:34,756] 49 root - INFO - succefully com2.ay_002
[2022-12-30 11:55:34,830] 51 root - INFO - succefully com3.ay_002
[2022-12-30 11:55:34,830] 47 root - INFO - succefully com1.ay_003
[2022-12-30 11:55:34,830] 49 root - INFO - succefully com2.ay_003
[2022-12-30 11:55:34,901] 51 root - INFO - succefully com3.ay_003
[2022-12-30 11:55:34,901] 47 root - INFO - succefully com1.ay_004
[2022-12-30 11:55:34,901] 49 root - INFO - succefully com2.ay_004
[2022-12-30 11:55:34,970] 51 root - INFO - succefully com3.ay_004
[2022-12-30 11:55:34,971] 47 root - INFO - succefully com1.ay_005
[2022-12-30 11:55:34,971] 49 root - INFO - succefully com2.ay_005
[2022-12-30 11:55:35,041] 51 root - INFO - succefully com3.ay_005
[2022-12-30 11:55:35,041] 47 root - INFO - succefully com1.ay_006
[2022-12-30 11:55:35,041] 49 root - INFO - succefully com2.ay_006
[2022-12-30 11:55:35,112] 51 root - INFO - succefully com3.ay_006
[2022-12-30 11:55:35,112] 47 root - INFO - succefully com1.ay_007
[2022-12-30 11:55:35,112] 49 root - INFO - succefully com2.ay_007
[2022-12-30 11:55:35,183] 51 root - INFO - succefully com3.ay_007
[2022-12-30 11:55:35,184] 47 root - INFO - succefully com1.ay_008
[2022-12-30 11:55:35,184] 49 root - INFO - succefully com2.ay_008
[2022-12-30 11:55:35,258] 51 root - INFO - succefully com3.ay_008
[2022-12-30 11:55:35,258] 47 root - INFO - succefully com1.ay_009
[2022-12-30 11:55:35,258] 49 root - INFO - succefully com2.ay_009
[2022-12-30 11:55:35,327] 51 root - INFO - succefully com3.ay_009
[2022-12-30 11:55:35,327] 47 root - INFO - succefully com1.az_000
[2022-12-30 11:55:35,327] 49 root - INFO - succefully com2.az_000
[2022-12-30 11:55:35,395] 51 root - INFO - succefully com3.az_000
[2022-12-30 11:55:35,395] 47 root - INFO - succefully com1.az_001
[2022-12-30 11:55:35,395] 49 root - INFO - succefully com2.az_001
[2022-12-30 11:55:35,466] 51 root - INFO - succefully com3.az_001
[2022-12-30 11:55:35,466] 47 root - INFO - succefully com1.az_002
[2022-12-30 11:55:35,466] 49 root - INFO - succefully com2.az_002
[2022-12-30 11:55:35,533] 51 root - INFO - succefully com3.az_002
[2022-12-30 11:55:35,533] 47 root - INFO - succefully com1.az_003
[2022-12-30 11:55:35,533] 49 root - INFO - succefully com2.az_003
[2022-12-30 11:55:35,600] 51 root - INFO - succefully com3.az_003
[2022-12-30 11:55:35,600] 47 root - INFO - succefully com1.az_004
[2022-12-30 11:55:35,600] 49 root - INFO - succefully com2.az_004
[2022-12-30 11:55:35,666] 51 root - INFO - succefully com3.az_004
[2022-12-30 11:55:35,667] 47 root - INFO - succefully com1.az_005
[2022-12-30 11:55:35,667] 49 root - INFO - succefully com2.az_005
[2022-12-30 11:55:35,731] 51 root - INFO - succefully com3.az_005
[2022-12-30 11:55:35,732] 47 root - INFO - succefully com1.az_006
[2022-12-30 11:55:35,732] 49 root - INFO - succefully com2.az_006
[2022-12-30 11:55:35,799] 51 root - INFO - succefully com3.az_006
[2022-12-30 11:55:35,799] 47 root - INFO - succefully com1.az_007
[2022-12-30 11:55:35,799] 49 root - INFO - succefully com2.az_007
[2022-12-30 11:55:35,863] 51 root - INFO - succefully com3.az_007
[2022-12-30 11:55:35,863] 47 root - INFO - succefully com1.az_008
[2022-12-30 11:55:35,863] 49 root - INFO - succefully com2.az_008
[2022-12-30 11:55:35,925] 51 root - INFO - succefully com3.az_008
[2022-12-30 11:55:35,925] 47 root - INFO - succefully com1.az_009
[2022-12-30 11:55:35,925] 49 root - INFO - succefully com2.az_009
[2022-12-30 11:55:35,987] 51 root - INFO - succefully com3.az_009
[2022-12-30 11:55:35,987] 47 root - INFO - succefully com1.ba_000
[2022-12-30 11:55:35,987] 49 root - INFO - succefully com2.ba_000
[2022-12-30 11:55:36,052] 51 root - INFO - succefully com3.ba_000
[2022-12-30 11:55:36,052] 47 root - INFO - succefully com1.ba_001
[2022-12-30 11:55:36,052] 49 root - INFO - succefully com2.ba_001
[2022-12-30 11:55:36,106] 51 root - INFO - succefully com3.ba_001
[2022-12-30 11:55:36,106] 47 root - INFO - succefully com1.ba_002
[2022-12-30 11:55:36,106] 49 root - INFO - succefully com2.ba_002
[2022-12-30 11:55:36,159] 51 root - INFO - succefully com3.ba_002
[2022-12-30 11:55:36,159] 47 root - INFO - succefully com1.ba_003
[2022-12-30 11:55:36,159] 49 root - INFO - succefully com2.ba_003
[2022-12-30 11:55:36,212] 51 root - INFO - succefully com3.ba_003
[2022-12-30 11:55:36,212] 47 root - INFO - succefully com1.ba_004
[2022-12-30 11:55:36,212] 49 root - INFO - succefully com2.ba_004
[2022-12-30 11:55:36,264] 51 root - INFO - succefully com3.ba_004
[2022-12-30 11:55:36,264] 47 root - INFO - succefully com1.ba_005
[2022-12-30 11:55:36,264] 49 root - INFO - succefully com2.ba_005
[2022-12-30 11:55:36,319] 51 root - INFO - succefully com3.ba_005
[2022-12-30 11:55:36,320] 47 root - INFO - succefully com1.ba_006
[2022-12-30 11:55:36,320] 49 root - INFO - succefully com2.ba_006
[2022-12-30 11:55:36,372] 51 root - INFO - succefully com3.ba_006
[2022-12-30 11:55:36,372] 47 root - INFO - succefully com1.ba_007
[2022-12-30 11:55:36,372] 49 root - INFO - succefully com2.ba_007
[2022-12-30 11:55:36,423] 51 root - INFO - succefully com3.ba_007
[2022-12-30 11:55:36,423] 47 root - INFO - succefully com1.ba_008
[2022-12-30 11:55:36,423] 49 root - INFO - succefully com2.ba_008
[2022-12-30 11:55:36,473] 51 root - INFO - succefully com3.ba_008
[2022-12-30 11:55:36,473] 47 root - INFO - succefully com1.ba_009
[2022-12-30 11:55:36,473] 49 root - INFO - succefully com2.ba_009
[2022-12-30 11:55:36,561] 51 root - INFO - succefully com3.ba_009
[2022-12-30 11:55:36,562] 47 root - INFO - succefully com1.bb_000
[2022-12-30 11:55:36,562] 49 root - INFO - succefully com2.bb_000
[2022-12-30 11:55:36,612] 51 root - INFO - succefully com3.bb_000
[2022-12-30 11:55:36,612] 47 root - INFO - succefully com1.bc_000
[2022-12-30 11:55:36,612] 49 root - INFO - succefully com2.bc_000
[2022-12-30 11:55:36,660] 51 root - INFO - succefully com3.bc_000
[2022-12-30 11:55:36,660] 47 root - INFO - succefully com1.bd_000
[2022-12-30 11:55:36,660] 49 root - INFO - succefully com2.bd_000
[2022-12-30 11:55:36,708] 51 root - INFO - succefully com3.bd_000
[2022-12-30 11:55:36,708] 47 root - INFO - succefully com1.be_000
[2022-12-30 11:55:36,708] 49 root - INFO - succefully com2.be_000
[2022-12-30 11:55:36,761] 51 root - INFO - succefully com3.be_000
[2022-12-30 11:55:36,761] 47 root - INFO - succefully com1.bf_000
[2022-12-30 11:55:36,761] 49 root - INFO - succefully com2.bf_000
[2022-12-30 11:55:36,808] 51 root - INFO - succefully com3.bf_000
[2022-12-30 11:55:36,808] 47 root - INFO - succefully com1.bg_000
[2022-12-30 11:55:36,808] 49 root - INFO - succefully com2.bg_000
[2022-12-30 11:55:36,855] 51 root - INFO - succefully com3.bg_000
[2022-12-30 11:55:36,855] 47 root - INFO - succefully com1.bh_000
[2022-12-30 11:55:36,855] 49 root - INFO - succefully com2.bh_000
[2022-12-30 11:55:36,902] 51 root - INFO - succefully com3.bh_000
[2022-12-30 11:55:36,902] 47 root - INFO - succefully com1.bi_000
[2022-12-30 11:55:36,902] 49 root - INFO - succefully com2.bi_000
[2022-12-30 11:55:36,948] 51 root - INFO - succefully com3.bi_000
[2022-12-30 11:55:36,948] 47 root - INFO - succefully com1.bj_000
[2022-12-30 11:55:36,948] 49 root - INFO - succefully com2.bj_000
[2022-12-30 11:55:36,993] 51 root - INFO - succefully com3.bj_000
[2022-12-30 11:55:36,993] 47 root - INFO - succefully com1.bk_000
[2022-12-30 11:55:36,993] 49 root - INFO - succefully com2.bk_000
[2022-12-30 11:55:37,038] 51 root - INFO - succefully com3.bk_000
[2022-12-30 11:55:37,038] 47 root - INFO - succefully com1.bl_000
[2022-12-30 11:55:37,038] 49 root - INFO - succefully com2.bl_000
[2022-12-30 11:55:37,081] 51 root - INFO - succefully com3.bl_000
[2022-12-30 11:55:37,081] 47 root - INFO - succefully com1.bm_000
[2022-12-30 11:55:37,081] 49 root - INFO - succefully com2.bm_000
[2022-12-30 11:55:37,129] 51 root - INFO - succefully com3.bm_000
[2022-12-30 11:55:37,130] 47 root - INFO - succefully com1.bs_000
[2022-12-30 11:55:37,130] 49 root - INFO - succefully com2.bs_000
[2022-12-30 11:55:37,179] 51 root - INFO - succefully com3.bs_000
[2022-12-30 11:55:37,179] 47 root - INFO - succefully com1.bt_000
[2022-12-30 11:55:37,179] 49 root - INFO - succefully com2.bt_000
[2022-12-30 11:55:37,226] 51 root - INFO - succefully com3.bt_000
[2022-12-30 11:55:37,226] 47 root - INFO - succefully com1.bu_000
[2022-12-30 11:55:37,226] 49 root - INFO - succefully com2.bu_000
[2022-12-30 11:55:37,273] 51 root - INFO - succefully com3.bu_000
[2022-12-30 11:55:37,273] 47 root - INFO - succefully com1.bv_000
[2022-12-30 11:55:37,274] 49 root - INFO - succefully com2.bv_000
[2022-12-30 11:55:37,318] 51 root - INFO - succefully com3.bv_000
[2022-12-30 11:55:37,318] 47 root - INFO - succefully com1.bx_000
[2022-12-30 11:55:37,318] 49 root - INFO - succefully com2.bx_000
[2022-12-30 11:55:37,365] 51 root - INFO - succefully com3.bx_000
[2022-12-30 11:55:37,365] 47 root - INFO - succefully com1.by_000
[2022-12-30 11:55:37,366] 49 root - INFO - succefully com2.by_000
[2022-12-30 11:55:37,409] 51 root - INFO - succefully com3.by_000
[2022-12-30 11:55:37,409] 47 root - INFO - succefully com1.bz_000
[2022-12-30 11:55:37,409] 49 root - INFO - succefully com2.bz_000
[2022-12-30 11:55:37,449] 51 root - INFO - succefully com3.bz_000
[2022-12-30 11:55:37,449] 47 root - INFO - succefully com1.ca_000
[2022-12-30 11:55:37,449] 49 root - INFO - succefully com2.ca_000
[2022-12-30 11:55:37,489] 51 root - INFO - succefully com3.ca_000
[2022-12-30 11:55:37,489] 47 root - INFO - succefully com1.cb_000
[2022-12-30 11:55:37,489] 49 root - INFO - succefully com2.cb_000
[2022-12-30 11:55:37,532] 51 root - INFO - succefully com3.cb_000
[2022-12-30 11:55:37,532] 47 root - INFO - succefully com1.cc_000
[2022-12-30 11:55:37,532] 49 root - INFO - succefully com2.cc_000
[2022-12-30 11:55:37,572] 51 root - INFO - succefully com3.cc_000
[2022-12-30 11:55:37,572] 47 root - INFO - succefully com1.cd_000
[2022-12-30 11:55:37,572] 49 root - INFO - succefully com2.cd_000
[2022-12-30 11:55:37,610] 51 root - INFO - succefully com3.cd_000
[2022-12-30 11:55:37,610] 47 root - INFO - succefully com1.ce_000
[2022-12-30 11:55:37,610] 49 root - INFO - succefully com2.ce_000
[2022-12-30 11:55:37,648] 51 root - INFO - succefully com3.ce_000
[2022-12-30 11:55:37,648] 47 root - INFO - succefully com1.cf_000
[2022-12-30 11:55:37,648] 49 root - INFO - succefully com2.cf_000
[2022-12-30 11:55:37,684] 51 root - INFO - succefully com3.cf_000
[2022-12-30 11:55:37,684] 47 root - INFO - succefully com1.cg_000
[2022-12-30 11:55:37,684] 49 root - INFO - succefully com2.cg_000
[2022-12-30 11:55:37,720] 51 root - INFO - succefully com3.cg_000
[2022-12-30 11:55:37,720] 47 root - INFO - succefully com1.ch_000
[2022-12-30 11:55:37,720] 49 root - INFO - succefully com2.ch_000
[2022-12-30 11:55:37,755] 51 root - INFO - succefully com3.ch_000
[2022-12-30 11:55:37,755] 47 root - INFO - succefully com1.ci_000
[2022-12-30 11:55:37,755] 49 root - INFO - succefully com2.ci_000
[2022-12-30 11:55:37,792] 51 root - INFO - succefully com3.ci_000
[2022-12-30 11:55:37,793] 47 root - INFO - succefully com1.cj_000
[2022-12-30 11:55:37,793] 49 root - INFO - succefully com2.cj_000
[2022-12-30 11:55:37,829] 51 root - INFO - succefully com3.cj_000
[2022-12-30 11:55:37,829] 47 root - INFO - succefully com1.ck_000
[2022-12-30 11:55:37,829] 49 root - INFO - succefully com2.ck_000
[2022-12-30 11:55:37,865] 51 root - INFO - succefully com3.ck_000
[2022-12-30 11:55:37,865] 47 root - INFO - succefully com1.cl_000
[2022-12-30 11:55:37,865] 49 root - INFO - succefully com2.cl_000
[2022-12-30 11:55:37,898] 51 root - INFO - succefully com3.cl_000
[2022-12-30 11:55:37,899] 47 root - INFO - succefully com1.cm_000
[2022-12-30 11:55:37,899] 49 root - INFO - succefully com2.cm_000
[2022-12-30 11:55:37,935] 51 root - INFO - succefully com3.cm_000
[2022-12-30 11:55:37,936] 47 root - INFO - succefully com1.cn_000
[2022-12-30 11:55:37,936] 49 root - INFO - succefully com2.cn_000
[2022-12-30 11:55:37,969] 51 root - INFO - succefully com3.cn_000
[2022-12-30 11:55:37,969] 47 root - INFO - succefully com1.cn_001
[2022-12-30 11:55:37,969] 49 root - INFO - succefully com2.cn_001
[2022-12-30 11:55:38,003] 51 root - INFO - succefully com3.cn_001
[2022-12-30 11:55:38,003] 47 root - INFO - succefully com1.cn_002
[2022-12-30 11:55:38,003] 49 root - INFO - succefully com2.cn_002
[2022-12-30 11:55:38,037] 51 root - INFO - succefully com3.cn_002
[2022-12-30 11:55:38,037] 47 root - INFO - succefully com1.cn_003
[2022-12-30 11:55:38,037] 49 root - INFO - succefully com2.cn_003
[2022-12-30 11:55:38,070] 51 root - INFO - succefully com3.cn_003
[2022-12-30 11:55:38,071] 47 root - INFO - succefully com1.cn_004
[2022-12-30 11:55:38,071] 49 root - INFO - succefully com2.cn_004
[2022-12-30 11:55:38,103] 51 root - INFO - succefully com3.cn_004
[2022-12-30 11:55:38,103] 47 root - INFO - succefully com1.cn_005
[2022-12-30 11:55:38,104] 49 root - INFO - succefully com2.cn_005
[2022-12-30 11:55:38,136] 51 root - INFO - succefully com3.cn_005
[2022-12-30 11:55:38,136] 47 root - INFO - succefully com1.cn_006
[2022-12-30 11:55:38,136] 49 root - INFO - succefully com2.cn_006
[2022-12-30 11:55:38,169] 51 root - INFO - succefully com3.cn_006
[2022-12-30 11:55:38,169] 47 root - INFO - succefully com1.cn_007
[2022-12-30 11:55:38,169] 49 root - INFO - succefully com2.cn_007
[2022-12-30 11:55:38,201] 51 root - INFO - succefully com3.cn_007
[2022-12-30 11:55:38,201] 47 root - INFO - succefully com1.cn_008
[2022-12-30 11:55:38,201] 49 root - INFO - succefully com2.cn_008
[2022-12-30 11:55:38,231] 51 root - INFO - succefully com3.cn_008
[2022-12-30 11:55:38,231] 47 root - INFO - succefully com1.cn_009
[2022-12-30 11:55:38,231] 49 root - INFO - succefully com2.cn_009
[2022-12-30 11:55:38,265] 51 root - INFO - succefully com3.cn_009
[2022-12-30 11:55:38,265] 47 root - INFO - succefully com1.co_000
[2022-12-30 11:55:38,265] 49 root - INFO - succefully com2.co_000
[2022-12-30 11:55:38,296] 51 root - INFO - succefully com3.co_000
[2022-12-30 11:55:38,297] 47 root - INFO - succefully com1.cp_000
[2022-12-30 11:55:38,297] 49 root - INFO - succefully com2.cp_000
[2022-12-30 11:55:38,326] 51 root - INFO - succefully com3.cp_000
[2022-12-30 11:55:38,326] 47 root - INFO - succefully com1.cq_000
[2022-12-30 11:55:38,326] 49 root - INFO - succefully com2.cq_000
[2022-12-30 11:55:38,354] 51 root - INFO - succefully com3.cq_000
[2022-12-30 11:55:38,355] 47 root - INFO - succefully com1.cs_000
[2022-12-30 11:55:38,355] 49 root - INFO - succefully com2.cs_000
[2022-12-30 11:55:38,385] 51 root - INFO - succefully com3.cs_000
[2022-12-30 11:55:38,385] 47 root - INFO - succefully com1.cs_001
[2022-12-30 11:55:38,385] 49 root - INFO - succefully com2.cs_001
[2022-12-30 11:55:38,416] 51 root - INFO - succefully com3.cs_001
[2022-12-30 11:55:38,416] 47 root - INFO - succefully com1.cs_002
[2022-12-30 11:55:38,416] 49 root - INFO - succefully com2.cs_002
[2022-12-30 11:55:38,444] 51 root - INFO - succefully com3.cs_002
[2022-12-30 11:55:38,444] 47 root - INFO - succefully com1.cs_003
[2022-12-30 11:55:38,444] 49 root - INFO - succefully com2.cs_003
[2022-12-30 11:55:38,474] 51 root - INFO - succefully com3.cs_003
[2022-12-30 11:55:38,474] 47 root - INFO - succefully com1.cs_004
[2022-12-30 11:55:38,474] 49 root - INFO - succefully com2.cs_004
[2022-12-30 11:55:38,501] 51 root - INFO - succefully com3.cs_004
[2022-12-30 11:55:38,501] 47 root - INFO - succefully com1.cs_005
[2022-12-30 11:55:38,501] 49 root - INFO - succefully com2.cs_005
[2022-12-30 11:55:38,528] 51 root - INFO - succefully com3.cs_005
[2022-12-30 11:55:38,528] 47 root - INFO - succefully com1.cs_006
[2022-12-30 11:55:38,528] 49 root - INFO - succefully com2.cs_006
[2022-12-30 11:55:38,553] 51 root - INFO - succefully com3.cs_006
[2022-12-30 11:55:38,553] 47 root - INFO - succefully com1.cs_007
[2022-12-30 11:55:38,553] 49 root - INFO - succefully com2.cs_007
[2022-12-30 11:55:38,577] 51 root - INFO - succefully com3.cs_007
[2022-12-30 11:55:38,578] 47 root - INFO - succefully com1.cs_008
[2022-12-30 11:55:38,578] 49 root - INFO - succefully com2.cs_008
[2022-12-30 11:55:38,601] 51 root - INFO - succefully com3.cs_008
[2022-12-30 11:55:38,601] 47 root - INFO - succefully com1.cs_009
[2022-12-30 11:55:38,602] 49 root - INFO - succefully com2.cs_009
[2022-12-30 11:55:38,625] 51 root - INFO - succefully com3.cs_009
[2022-12-30 11:55:38,625] 47 root - INFO - succefully com1.ct_000
[2022-12-30 11:55:38,625] 49 root - INFO - succefully com2.ct_000
[2022-12-30 11:55:38,648] 51 root - INFO - succefully com3.ct_000
[2022-12-30 11:55:38,648] 47 root - INFO - succefully com1.cu_000
[2022-12-30 11:55:38,649] 49 root - INFO - succefully com2.cu_000
[2022-12-30 11:55:38,671] 51 root - INFO - succefully com3.cu_000
[2022-12-30 11:55:38,671] 47 root - INFO - succefully com1.cv_000
[2022-12-30 11:55:38,671] 49 root - INFO - succefully com2.cv_000
[2022-12-30 11:55:38,694] 51 root - INFO - succefully com3.cv_000
[2022-12-30 11:55:38,694] 47 root - INFO - succefully com1.cx_000
[2022-12-30 11:55:38,694] 49 root - INFO - succefully com2.cx_000
[2022-12-30 11:55:38,717] 51 root - INFO - succefully com3.cx_000
[2022-12-30 11:55:38,717] 47 root - INFO - succefully com1.cy_000
[2022-12-30 11:55:38,717] 49 root - INFO - succefully com2.cy_000
[2022-12-30 11:55:38,745] 51 root - INFO - succefully com3.cy_000
[2022-12-30 11:55:38,745] 47 root - INFO - succefully com1.cz_000
[2022-12-30 11:55:38,745] 49 root - INFO - succefully com2.cz_000
[2022-12-30 11:55:38,771] 51 root - INFO - succefully com3.cz_000
[2022-12-30 11:55:38,771] 47 root - INFO - succefully com1.da_000
[2022-12-30 11:55:38,771] 49 root - INFO - succefully com2.da_000
[2022-12-30 11:55:38,792] 51 root - INFO - succefully com3.da_000
[2022-12-30 11:55:38,793] 47 root - INFO - succefully com1.db_000
[2022-12-30 11:55:38,793] 49 root - INFO - succefully com2.db_000
[2022-12-30 11:55:38,812] 51 root - INFO - succefully com3.db_000
[2022-12-30 11:55:38,813] 47 root - INFO - succefully com1.dc_000
[2022-12-30 11:55:38,813] 49 root - INFO - succefully com2.dc_000
[2022-12-30 11:55:38,835] 51 root - INFO - succefully com3.dc_000
[2022-12-30 11:55:38,835] 47 root - INFO - succefully com1.dd_000
[2022-12-30 11:55:38,835] 49 root - INFO - succefully com2.dd_000
[2022-12-30 11:55:38,857] 51 root - INFO - succefully com3.dd_000
[2022-12-30 11:55:38,858] 47 root - INFO - succefully com1.de_000
[2022-12-30 11:55:38,858] 49 root - INFO - succefully com2.de_000
[2022-12-30 11:55:38,880] 51 root - INFO - succefully com3.de_000
[2022-12-30 11:55:38,880] 47 root - INFO - succefully com1.df_000
[2022-12-30 11:55:38,880] 49 root - INFO - succefully com2.df_000
[2022-12-30 11:55:38,900] 51 root - INFO - succefully com3.df_000
[2022-12-30 11:55:38,900] 47 root - INFO - succefully com1.dg_000
[2022-12-30 11:55:38,901] 49 root - INFO - succefully com2.dg_000
[2022-12-30 11:55:38,920] 51 root - INFO - succefully com3.dg_000
[2022-12-30 11:55:38,921] 47 root - INFO - succefully com1.dh_000
[2022-12-30 11:55:38,921] 49 root - INFO - succefully com2.dh_000
[2022-12-30 11:55:38,940] 51 root - INFO - succefully com3.dh_000
[2022-12-30 11:55:38,940] 47 root - INFO - succefully com1.di_000
[2022-12-30 11:55:38,940] 49 root - INFO - succefully com2.di_000
[2022-12-30 11:55:38,959] 51 root - INFO - succefully com3.di_000
[2022-12-30 11:55:38,959] 47 root - INFO - succefully com1.dj_000
[2022-12-30 11:55:38,959] 49 root - INFO - succefully com2.dj_000
[2022-12-30 11:55:38,977] 51 root - INFO - succefully com3.dj_000
[2022-12-30 11:55:38,977] 47 root - INFO - succefully com1.dk_000
[2022-12-30 11:55:38,977] 49 root - INFO - succefully com2.dk_000
[2022-12-30 11:55:38,994] 51 root - INFO - succefully com3.dk_000
[2022-12-30 11:55:38,994] 47 root - INFO - succefully com1.dl_000
[2022-12-30 11:55:38,994] 49 root - INFO - succefully com2.dl_000
[2022-12-30 11:55:39,011] 51 root - INFO - succefully com3.dl_000
[2022-12-30 11:55:39,011] 47 root - INFO - succefully com1.dm_000
[2022-12-30 11:55:39,011] 49 root - INFO - succefully com2.dm_000
[2022-12-30 11:55:39,027] 51 root - INFO - succefully com3.dm_000
[2022-12-30 11:55:39,027] 47 root - INFO - succefully com1.dn_000
[2022-12-30 11:55:39,027] 49 root - INFO - succefully com2.dn_000
[2022-12-30 11:55:39,045] 51 root - INFO - succefully com3.dn_000
[2022-12-30 11:55:39,045] 47 root - INFO - succefully com1.do_000
[2022-12-30 11:55:39,045] 49 root - INFO - succefully com2.do_000
[2022-12-30 11:55:39,061] 51 root - INFO - succefully com3.do_000
[2022-12-30 11:55:39,061] 47 root - INFO - succefully com1.dp_000
[2022-12-30 11:55:39,061] 49 root - INFO - succefully com2.dp_000
[2022-12-30 11:55:39,077] 51 root - INFO - succefully com3.dp_000
[2022-12-30 11:55:39,077] 47 root - INFO - succefully com1.dq_000
[2022-12-30 11:55:39,077] 49 root - INFO - succefully com2.dq_000
[2022-12-30 11:55:39,092] 51 root - INFO - succefully com3.dq_000
[2022-12-30 11:55:39,093] 47 root - INFO - succefully com1.dr_000
[2022-12-30 11:55:39,093] 49 root - INFO - succefully com2.dr_000
[2022-12-30 11:55:39,107] 51 root - INFO - succefully com3.dr_000
[2022-12-30 11:55:39,107] 47 root - INFO - succefully com1.ds_000
[2022-12-30 11:55:39,107] 49 root - INFO - succefully com2.ds_000
[2022-12-30 11:55:39,122] 51 root - INFO - succefully com3.ds_000
[2022-12-30 11:55:39,122] 47 root - INFO - succefully com1.dt_000
[2022-12-30 11:55:39,122] 49 root - INFO - succefully com2.dt_000
[2022-12-30 11:55:39,137] 51 root - INFO - succefully com3.dt_000
[2022-12-30 11:55:39,137] 47 root - INFO - succefully com1.du_000
[2022-12-30 11:55:39,137] 49 root - INFO - succefully com2.du_000
[2022-12-30 11:55:39,151] 51 root - INFO - succefully com3.du_000
[2022-12-30 11:55:39,152] 47 root - INFO - succefully com1.dv_000
[2022-12-30 11:55:39,152] 49 root - INFO - succefully com2.dv_000
[2022-12-30 11:55:39,166] 51 root - INFO - succefully com3.dv_000
[2022-12-30 11:55:39,166] 47 root - INFO - succefully com1.dx_000
[2022-12-30 11:55:39,166] 49 root - INFO - succefully com2.dx_000
[2022-12-30 11:55:39,181] 51 root - INFO - succefully com3.dx_000
[2022-12-30 11:55:39,181] 47 root - INFO - succefully com1.dy_000
[2022-12-30 11:55:39,181] 49 root - INFO - succefully com2.dy_000
[2022-12-30 11:55:39,193] 51 root - INFO - succefully com3.dy_000
[2022-12-30 11:55:39,193] 47 root - INFO - succefully com1.dz_000
[2022-12-30 11:55:39,193] 49 root - INFO - succefully com2.dz_000
[2022-12-30 11:55:39,205] 51 root - INFO - succefully com3.dz_000
[2022-12-30 11:55:39,205] 47 root - INFO - succefully com1.ea_000
[2022-12-30 11:55:39,205] 49 root - INFO - succefully com2.ea_000
[2022-12-30 11:55:39,216] 51 root - INFO - succefully com3.ea_000
[2022-12-30 11:55:39,216] 47 root - INFO - succefully com1.eb_000
[2022-12-30 11:55:39,216] 49 root - INFO - succefully com2.eb_000
[2022-12-30 11:55:39,228] 51 root - INFO - succefully com3.eb_000
[2022-12-30 11:55:39,228] 47 root - INFO - succefully com1.ec_00
[2022-12-30 11:55:39,228] 49 root - INFO - succefully com2.ec_00
[2022-12-30 11:55:39,240] 51 root - INFO - succefully com3.ec_00
[2022-12-30 11:55:39,240] 47 root - INFO - succefully com1.ed_000
[2022-12-30 11:55:39,241] 49 root - INFO - succefully com2.ed_000
[2022-12-30 11:55:39,251] 51 root - INFO - succefully com3.ed_000
[2022-12-30 11:55:39,251] 47 root - INFO - succefully com1.ee_000
[2022-12-30 11:55:39,251] 49 root - INFO - succefully com2.ee_000
[2022-12-30 11:55:39,262] 51 root - INFO - succefully com3.ee_000
[2022-12-30 11:55:39,262] 47 root - INFO - succefully com1.ee_001
[2022-12-30 11:55:39,262] 49 root - INFO - succefully com2.ee_001
[2022-12-30 11:55:39,272] 51 root - INFO - succefully com3.ee_001
[2022-12-30 11:55:39,272] 47 root - INFO - succefully com1.ee_002
[2022-12-30 11:55:39,272] 49 root - INFO - succefully com2.ee_002
[2022-12-30 11:55:39,286] 51 root - INFO - succefully com3.ee_002
[2022-12-30 11:55:39,286] 47 root - INFO - succefully com1.ee_003
[2022-12-30 11:55:39,286] 49 root - INFO - succefully com2.ee_003
[2022-12-30 11:55:39,296] 51 root - INFO - succefully com3.ee_003
[2022-12-30 11:55:39,296] 47 root - INFO - succefully com1.ee_004
[2022-12-30 11:55:39,296] 49 root - INFO - succefully com2.ee_004
[2022-12-30 11:55:39,304] 51 root - INFO - succefully com3.ee_004
[2022-12-30 11:55:39,305] 47 root - INFO - succefully com1.ee_005
[2022-12-30 11:55:39,305] 49 root - INFO - succefully com2.ee_005
[2022-12-30 11:55:39,313] 51 root - INFO - succefully com3.ee_005
[2022-12-30 11:55:39,313] 47 root - INFO - succefully com1.ee_006
[2022-12-30 11:55:39,313] 49 root - INFO - succefully com2.ee_006
[2022-12-30 11:55:39,320] 51 root - INFO - succefully com3.ee_006
[2022-12-30 11:55:39,321] 47 root - INFO - succefully com1.ee_007
[2022-12-30 11:55:39,321] 49 root - INFO - succefully com2.ee_007
[2022-12-30 11:55:39,328] 51 root - INFO - succefully com3.ee_007
[2022-12-30 11:55:39,328] 47 root - INFO - succefully com1.ee_008
[2022-12-30 11:55:39,328] 49 root - INFO - succefully com2.ee_008
[2022-12-30 11:55:39,334] 51 root - INFO - succefully com3.ee_008
[2022-12-30 11:55:39,335] 47 root - INFO - succefully com1.ee_009
[2022-12-30 11:55:39,335] 49 root - INFO - succefully com2.ee_009
[2022-12-30 11:55:39,340] 51 root - INFO - succefully com3.ee_009
[2022-12-30 11:55:39,340] 47 root - INFO - succefully com1.ef_000
[2022-12-30 11:55:39,340] 49 root - INFO - succefully com2.ef_000
[2022-12-30 11:55:39,345] 51 root - INFO - succefully com3.ef_000
[2022-12-30 11:55:39,345] 47 root - INFO - succefully com1.eg_000
[2022-12-30 11:55:39,345] 49 root - INFO - succefully com2.eg_000
[2022-12-30 11:55:39,349] 51 root - INFO - succefully com3.eg_000
[2022-12-30 11:55:39,349] 47 root - INFO - succefully com1._id
[2022-12-30 11:55:39,349] 49 root - INFO - succefully com2._id
